0	0	0	0	0	0	0	0	0	0	0	0	0	0	0	0	0	0	0	0
0	0	0	0.0242048	0	0	0	0	0	0	0	0	0	0.263362	0	0	0	0	0	0
0	0	1.34563	0	2.623	0	0	0	0	0.302498	0	0	1.26456	0	0	0	0	0	0	0
0	0	0	0	0	0	0	0	0.0203797	0	0	0.41757	0	0	0	0	0	0	0	0
0	0	0	0	0	0	0	0	0	0	0	0	0	21.6639	0	0	1.28105	0	0	0
0	0	0	4.29519	0.0510785	0	0	0	0	0.0863737	0	5.56811	0.0526753	0.201572	0	0	0.102824	0	0.283796	0
0	0	2.40179	0	0	0	0	0	0	0	0	0	0	0.87676	0	0	0.862874	0	0	0
0.0879525	0.24157	0.288028	0	0	0	0.091721	0	7.32962	0.118004	0.0829749	0.0892879	0	0.00211038	0.145866	0.242722	0.0952242	4.43554	0.209941	0
0	0	0.0239394	0	0	0	7.46577	0	0	0.0014095	0	0	0	0	0	0	0	0	0	0
0	3.05065	0	0	0	0	0	0	0	0	0	0	10.6482	0	2.1138	0	0	0	0	0
12.0377	0	0	0	0.626477	0	0	0	0	0	0	0	0	0	0	0	0	0	0	0
2.91491	0	0	0	0	0	0	0	0	0	0	7.67623	0	0	0	0	0	0	0	0
0	0	0	0	0	0	0	0	0	0	1.26308	0.319147	0	0	0	0	0	18.9729	0	0
0.0323939	0.134271	1.5614	0.170253	0	0	0.00921792	0.0819919	0	0.0103288	0	0	0	0.884	0.127257	0	0.00957066	0	0.0112051	0.018845
0	0	0.0218544	0.0153883	10.4687	0	0	0	0	0	0	0	0	0	0	0	0	0	0	0
0.413842	0	0.411902	1.54721	4.49	0	0.258545	0	0.0845352	0	0.339967	0.0436746	0	0.0362304	0.361425	0	0.164185	0	2.96197	0
0	0	0	0	2.91247	0	0	0	0	0	0	0	0	0	0	0	0	0	0	0
0	0	1.76476	0	0	0.234964	0.837876	0.0608436	1.43411	0	1.56123	13.8312	0	0.00590485	0.427365	0.582715	1.04521	0.459959	0.0362589	0
0.494833	0	0	0	6.47184	0	0	0	0	0	0	0	6.21437	0	0	0	0	0	0	0
0	0	0	0.0319913	0	5.07797	0	0.0288538	0	0	0	0	0	0	0	0	0	0	0	0.22871
0	0	0	0	0	0	0.121274	0	0	0	0	0	0.00801812	0	0	0	0	0	0	0
0	0	0	0	4.30221	0	0	0	0	0	8.18262	0	0	0	0	0	0	0	0	0
0	0	2.23502	0	0	0	0	0	0	0	0	0	0	0	0.606259	0	0.548003	0	0	0
0	0	0	0	0	0.626434	0	0	0	0.190275	0	0	0	0	0	0	0	0	0	0
0	0	0	0	0.0391783	0	0	0	0.191429	0.00116524	0	0	0	0	0	0	0	0	0	0
1.97761	0	0	0	0	0	1.33195	0	0	0	0	9.63945	0	0	0	0	0	0	0	0
0	0	0	0	42.1922	2.18687	0	0	0	0	0	0	0	0	0	0	0	0	0	0
0	0	0	0	0	0	0	0	0	0	23.0185	0	0	0	0	0	0	0	0	0
0	0	0	0	0	0	0	0	0	0	0	0	0	0	9.29843	0	0	1.17951	0	3.59941
0	0	0	0	0	0	0	0	0	0	0	0	0.0906224	0.0590702	0.521933	0	0	0	0	0
16.9964	0.33695	0	0	0	0	0	0	0	0	0	0	0	0	0	0	0	0	0	0
0	0	0	0	0	0	0	0	0	0	0	0	0	24.3709	0	0	0	0	0	0
0	0	0	0	0	0.105952	0	0	0	0	0.778892	0	0.0187264	0	0	0	0	0	0	0
1.69834	0	0	0	0	1.11949	0	0	0	0	0	0	0	0	0	0	0.563275	0	0	0
0	0	0.843523	0	0	0	0	0	0	0	0	0	0	0	0	0	0	0	0	0.15773
0.285511	0	26.445	0.0951618	0.00493532	1.31124	0	0.858947	1.3327	0	0.611312	0.734388	0	2.94268	0	1.21008	1.41027	1.27367	0.378645	0
0	0.206173	0	0	0	0	0.0438259	0	0	0	0	0	0	0	0	0.170436	0	0	0	0
0	0	0	0	3.01343	0	0.217369	0	0	0	0	0	0	0	0	0	0	0	0	0
0	0	0	0	0	3.93655	0	0	0	0.0877043	0	0	1.58661	0	0	0.960321	0	0	0	0
0	0	0	2.13673	0	0	0	0	8.39121	0	0	0	0	0.737311	0	0	0	0	0	0
0	0	0	0	0	0.336848	0	0	0.562676	0	0	0	0	0	0	0.250221	0	0	0	2.80664
0	0	0	0	0	0.19449	0	0	0	0	0	0	0.969241	0	0	0.0987881	0	0	0	0
0	0.0118768	0	0.0419717	35.3621	31.2949	0	0.0223385	0	0.034087	0	0	0	0	0	0	0	0.789041	0.0122308	0.128786
0	0	0	0.00225586	0	0	0	0	0	0	0	0	0	23.2766	0	0	0	0	0	0.573012
0	0	0	0	0	0.948302	0	0	0	0	0	0	0	0	0	11.1312	0	0	0	0
0	0	0	0	0	0	0.371318	0	0	0	0.000129612	0	0	0	0	0.141515	0	0	0	0
0	4.76559	0	0	0	0	0	0	0	0	0	0	0.192815	0.17267	0	0	0	0	0	0
0	0	0	0	0	16.2741	0	0	0	0	0	0	0	0	0	0.390122	0	0	0	0.185861
0	0	0	0	0	0	0.0235125	0	0	0	0	0	0	0	0	0	0	0	0	0
0	2.59569	0	0	0	0.00323465	0	0	0	0	0	0	0.174539	0	0	0	0	0	0	0
0	0	0	0	0	0	0	0	0	0	15.7788	0	0	0	0	0	0	0	0	0
0	0	0	0	0	0.0192855	0	0	0	0	0	2.12277	0	0	0	0	0	0	2.57023	0
0.00833869	0.491675	0	0	0	0	0	0	6.88556	0	0	0	0	0	0.134662	0.549369	0	0	0.164081	0
0	0	0.302684	0	0.433963	0	0	0	0	0	0	0	0.193045	0	0	0	0	0	0	0
0.0297592	0	0	0.047999	0.0278723	0.0186691	0	0.039716	0.0638874	0	14.4062	0.0483679	0	0	0	0.00974424	0.0462272	0.0343486	0.0231782	2.99269
0	0	0	0	0	0	0	0	0	0	0	16.0286	0	0	0	0	0	9.44289	0	7.24223
0	0	0.409627	0	0.161549	0	0	0	0	0	28.6711	0	0.608589	0	0	0	0	0	0	0.0678052
0	0	0	0	0	4.87442	0	25.8028	0	0	0	0	0	0	0	5.20217	0	0.0396659	0	0
0	7.29628	0	0.0576164	0	0	0	0	0	0	0.0846912	0	0	0	0	0	0	0	0	0
0	0	0	0	0	0	0	0	3.67905	0	0	0	0.399519	0	0	0	0	0	0	0
0	0	49.141	0	0	0	0	0	0	0	0	0	0	0	0	0	0	0	0	0
0	0	2.9469	0	0	0	0	0	0	0	0	0	0	0	14.602	0	0	0	0	0
0	0	0	0	0	0	0	0	0	0	12.2618	20.3698	0	0	0	0	14.3411	0	0	0
0	0	0	0	0	0	0	0	0	0	0	0	0	3.03577	0	0	0	0.706918	0	0.0487453
0	0	1.2341	0	0	0	0	0	0	11.6589	0	0	0	0	0	0	0	0	0	0
0	0	0	0	13.3869	0	0	0	0	0	0	0	0	0	0	0.420082	0	6.99478	0	0
0	0	0	0	0	0	0	0	0.0358259	0	0	0	0	0	0.157974	0	0	0	0	0.100362
0	0	0	0	0	0	0	0	0	0	0	0	13.1713	0	0	0	0	0	0	0
0.0460136	0.0177523	12.6737	0.0721558	0	0	0.0837927	0.0436502	0.00721716	0.0450196	6.17258	0.0401897	0	0	0.0304548	0	0.0755154	0	0.0596168	0
0.148572	0	0	0.035669	7.18661	0.0320394	2.83988	0.0450811	0.0547261	0	2.59901	0.0755253	0	0.073821	0	0.0290363	0.098378	0.0422639	0.116694	0
0	13.0057	0	0	0	0	0	0	1.49569	0	0	0	0	0	0	0	0	0	0	0
0	0	0	0	0	0	0	0	0	0	2.70398	0	0.674294	0	0	0	0	0	0	0.0998003
0	0	8.20897	0	0	0	0	0	0	0	0	0	0.289117	0	3.54763	0	0	0	0	0
0	0	0	1.30928	0	23.9632	0	0.994995	0	0	0	0	0	0	0	0	0	0	0	0
0	0	0	0	3.08715	0	5.69797	0	0	0	0	0	0.291339	0	0	0	0	0	0	0
1.8273	1.69842	0	2.97187	0.92684	0.402209	4.22199	1.79872	0.953084	6.10391	45.7967	1.65153	17.1591	0	1.13514	0	2.82786	0	2.23494	0
0	0	0	0	0	23.2838	0	0	0	0	0	0	0	0.302896	0	0	0.666076	0	0	0
0	0	0	0	0	0	0	0	0	0	0	0	0	0	0.33248	0	0	0.0601389	0	0
0	0	0	0	0	0	0	0	0	0	0	7.17605	3.31684	0	0	0	0	0	0	0
0	0	0	0	0	0	0	0	0	0	0	0	0	27.2575	0	0	0	0	0	0
0	0	0	0	0.965049	0	0	0	0	0	0.0701028	0	0	0	0	0	0	0	0	0
0	0	0	0	0	8.16295	0	0	0.0972718	0	0	0	0	17.5861	0	0	1.50105	4.76435	0	0
0	0	0	0	0.535838	0	0	0	0.0485736	0.108407	0.156949	0.36637	0.503298	29.808	0	0	0	0.295964	0.0195571	0.520745
0.614547	0.595639	0	2.36268	0	0	0	0	0	15.2577	0	0	0	0	0	0	0	0	0	0
0	0	0	0	27.803	0	0	12.4605	0	0	0	0	0	0	0	0	0	0	0	0
0	2.8798	0	0	0	0.167044	0	0	0	2.15678	0	0	0	0	0	0	0	0	0	0
0	0	0	0	0	0	0.636886	0	0	0	0.774772	0	1.05803	0	0	0	0	0	0	0
0	0	0	0	0	3.74235	0	0	0	0	0	0	0	14.3485	0	0	0	0	0	0
0	0	0	0.899077	0	0	0	0	0	0	0.0510365	0	0	0	0	0	0	0	0	0
0	0.300806	0	3.13964	0	0	0	0	0	0	0	0	0	0	0	0	0	0	0	0
0	0	0	0	0	0	6.32084	0	0	0	0	6.59949	0	0	0	0	0	0	0	0
0	0	0	0	3.47831	0	8.1634	0	0.274247	2.14046	7.01145	0.552783	3.94442	0	0	0	0	0	0.693439	3.6101
0	0	0	0	0	0	0	0	0	0	0	5.08412	0	0	0	0	0.787142	0	15.1544	0
0	0	0	0	0	0	0	0	0	0	0.123611	0	0	0	0	13.1039	0	0	0	0
0	0	3.66005	0	0	0	0	0	0	1.36279	0	0	0	0.143647	0	0	0	0	0	0
0	0	35.7607	0	0	0	1.13167	0	0	0	0	0	0	0	0	0	0	0	0	0
0.0719491	0	0	0	0	0	0	0	0	2.17927	0	0	0	0	0	0	0	0	0	0
0	0	18.2655	0	0	0	0	0	0	0	0	0	0	0	0	0	0	0.588491	0	0.0658446
0	8.11936	0	0.310185	0	0	0	0	0	0	0	0	0	0	0	0	0	0	0	0.497479
0	0	0	0	0	0	0	0	0	0	18.2797	0	0	0	0	0	0.49765	0	0	0
13.3324	29.3265	0	13.6617	1.38863	0	13.3546	5.46344	0	24.5437	0	3.09289	6.36628	0	17.6852	0	3.91496	0	14.1811	0
0	0	0	0	2.60569	18.1667	0	0	0	0	0	0	0	0	0	0	0	0	0	0
0	9.69564	0	0	0	0	0	0	0	0	0	0	0	0	0	0	0	0	0	0
0	0	0	0	0.424325	0	0	0	0	0	1.34643	0	0.210151	0	0	0	0	0	0	0
0	0	8.49482	0	0	0	0	0	0	0	0.351469	0	0	0	0	0.195645	0	0	0	0
0	0	4.98831	0.0297042	0	0	0	0.00344311	0	0	0	0	0	0	0	0	0.00634149	0	0	0.161509
0	0	0	0	0	0	0	0	0.0369146	0	0	0	0	1.58009	0	0	0	0	0	0.942186
0	0	0	0	0	0	0	0	0	0	0	0.822512	0	0	0	0	0	1.19888	0	0.775603
32.2656	0	0	0	0	0	0	0	1.63381	0	0	0	0	0	0	0	0	3.79702	0	0
0	0	0	0	26.4369	4.44577	0	0	0	0	0	0	0	0	0	1.82837	0	0.176978	0	0
0	0	3.2369	0	0	0	0	0	0	0	0	0	0	0	0	0	1.21765	0	0	0
0	0	0	0	0	0	0	0	0	0	0	0	0	0	0	0	41.8338	0	0	0
0	0	0	0	0	0.00601955	0	0	0	0	0	0	0	0	0	0	0	0	0	0.88202
0	0	12.2414	0.791521	0	0	0	0	0	0	0	0	0	0	0	0	0	0	0	0
0	0.0948314	0	0.613316	0.0807185	0.35865	0	21.3548	1.23081	0	0.128695	0.522203	0	0	0.371955	0.245477	39.5856	0.596234	0	0.368782
0	0	0	0	0	0	0	0	0	0	0	13.543	0	0	0	0	0	0	5.90373	0
0	0	0	0	0	0	0	0	7.80711	0	0	35.3369	0	0	0	0	0	0	0	0
0	0	0	0	0	0	0	2.10037	0	0	0	5.89291	0	0	0	0	0	0	0.18452	0
0	0	0	0	0	0.849519	0	0.141136	1.29782	0	0	0	0	0	0	0	21.4168	0	0	0
1.22644	0.665947	0.730934	1.20595	9.85387	0.292344	2.8269	1.08369	0.846212	1.01901	9.73582	1.79864	0	0.759141	1.61605	0	2.04573	0.0683221	1.38743	0
0.0261543	0.0763763	0	0.118216	0	0	0	0.0195274	0	0.155472	1.50408	0	4.05476	0	0.0194248	0	0	0	0.0286618	0.0984898
0	0	0	0	0	0.0966031	0	0	0	0	0	0	0	0	0	0	0	0	0	0.261441
0	0	0	0	0	0	0	0	0	0	0	0	0	11.3613	0.81403	0	0	0.951968	0	0
0	0	0	0	0	1.80259	0	0	0	0	0	0	0	0	0	0	0	0	0	0
0	0	0	0	19.6728	0	0	0	0	0	0	0	0.0598687	0	0.0885839	0.0079752	0	0.00670747	0	0
0.150201	0.658468	0	1.57657	0.0630502	0	0	1.28255	24.9559	0	0	0	0	0.57093	0.303849	0	0.223066	14.3792	0.0215387	0.778555
0	0	0	0	1.4295	0	0	0	2.89246	0	0	0	0	0	0	0	0	0	0	0
0	0	0	0	0	0.0108875	0	0.779302	0	0	0	0	0	0.0490579	0	0	0	0	0	0
0	0	26.6729	0	0	0	5.15233	0	0	0	0	0	0	0	3.80931	0	0	0	0	0
0	0	0	0	0	0	0.372878	0	0	0	2.80961	0	0.866372	0	0	0.390709	0	0	0	0
0	0	0	0	0	0	0	0	0	0	1.24315	0	0	24.4884	0	0	0	0	0	0
85.9707	0	0	0	0	0	0	0	0	0	0	0	0.426976	0	0	0	0	0	0	27.3994
0	0	0	0	0	0	0	0	0	0	0	0	0	0.0861289	1.38256	0	0	0.0796658	0	0
1.34851	0	21.188	1.78085	0.215306	0.805838	0	0.972246	1.33427	0.194253	0	0.56445	0	0.776561	18.9582	1.05402	1.04552	1.17518	1.03938	0.380775
0	0	0	0	0	5.02234	0	0.946784	0	0	0	3.70275	0	0	0	0	3.23131	0	0	0
0	0	0	0	0	0.746603	0	0	0	0	0	0	0	3.41922	0	0	1.04609	0	0	0
0	16.3689	0	0	0	0	0	0	0.164311	0	0	0	0	0	3.63141	0	0	0	0	0
0	0	1.28471	0.0476595	0	0	0	0	0	1.0023	0	0	0	0	0	0	0	0	0	0
0	0.642683	0	0	0	0	0	0	0	0	0	0	0	0	0	0	0	0.281421	0	0
0	0	0	0	0	0	8.4861	0	0	0	0	0	0	1.23798	0	0	0	0.173555	0	0
0	0	0	0	5.60015	4.99957	0	0	0	0	0	0	0	0	0	0	0	0.872479	0	0
2.12949	0	0	0	0	0	0	0	0	2.78323	0	0	0	0	0.0104752	0	0	0	0	0
0	0	0	0	0	0	0	0	0	0	0.0182413	0.0256472	0	0	0	0	0	0	0	0.132111
0	0.51719	0	0	0	0.208642	0	0	0	0	0	0	0	0	0	0	0	0.141525	0	0
0	0	0	0	1.08497	0	0	0	0	0	7.41381	0	0	0	0	0	0	0.181852	0	0
0	0	0	1.08654	0	0	0	0	0	0	0	19.2299	0	0	0	0	0	0	0	0
0	0	0	0	2.96332	0.0189957	0	0.00572193	0.0344548	0	16.8112	0.0199469	0	0.0236295	0	0.0174898	0.00848015	0.0186811	0	0
0	0	0	0	0	0	0	0	0	0	0	0.210166	0	0.584236	0	0	0	0	0	2.06862
0	0	0.301605	0	0	0	0	0	0	0	0.187337	0	0	0	0	0.00681507	0	0	0	0
0	0	12.764	0	0	0	1.31456	0	0	0	0	0	0	0	0	0.169059	0	0.0185713	0	0
0	0	0	0	0	52.0085	0	0	1.03648	0	0	0	0	0	0	0	0	0	0	0
0	44.1771	0	0.407658	0	0	0	0	0	0	0	0	0	0	0	0	0	0	0	0
0	0	0	0	0	0	0	0	0	0	22.377	0	0.531118	0	0	0	0	0	0	0
0	0	0	0	0	0	0	0	0	0	3.29711	0	0	0	0	0	0	0.973448	0	0
0	0	4.45261	0	0	0	0	0	0	0	0	0	0	2.07037	6.44977	0	0	0	0	0
0	0	0	0.123856	0	0	0	0	0	0	0	0	0	0	0	0	0	0	0	0.0233706
0	0	0.455402	0	0	0	9.90447	0	0	0	0	0	0.528119	0	0	0	0	0	0	0
0	0	0	0	0	14.9288	0	0	3.55413	0	0	0	0	0	0	0	0	0	0	0
0	0	0	0	0	31.9938	0	0	0	0	0	0	0	0	0.208499	0	0	0.209165	0	0.294403
1.37522	0	0.402473	0.120936	0	0.213573	0.0779168	0.303365	0.219482	0	0.0315685	0	0	0	0.0560329	0.169644	7.11445	0.117222	0.868795	0
0	0	0	0	6.30365	0	0	0	0	0	0	0	0	14.9593	0	0	0	0	0.504414	0
0	0	0.428826	0	0	0	4.06946	0	0.601822	0	0	0	0	0	0.745799	0	0	0	0	0
0	0	0	0	0.000285003	0	0	0	0	0	0	0	0	0	0	0	0	0	0.0241535	0
0.0485358	0	0	0	0	0	0	2.06027	2.86631	0	0	0.110895	0	0	0	0	0	0	0	0
0	0	0	0	6.14457	0.304804	0	0	0	0	0	0	0	0	0	0	0	0.364023	0	0
0	0	0	0	0	0	0	0	0.291896	0	0	0.0346263	0	16.2181	0	0	0	0	0	0
0	0	0	0	0	0	0	0.612045	0	0	0	0	3.27886	0	0	0	0	0	0	0
0	0	0	0	0	0	0	0	0	0.182702	0	0	1.11886	0	0	0	0	0	0	0
0.103872	5.27666	0	0.576934	0	0.210804	0	0.24513	0.0620469	0	0	0.00304776	0	0.0563595	0	0.213395	0.0409757	0.0870855	0.0375948	0
0	6.37587	0	0	0	0	1.44925	0	0	0	0	0	0	0	0.392317	0.155111	0	0	0	0
0	0	0	0	0	0	8.57899	0	0	0	0	0	0	0	4.26358	0	0	0	0	0
0.207768	0.34087	0	0.286543	0	21.6392	0.123259	1.01771	0	0.0602865	0	0.0167754	0	0	0.321344	0.961342	0.167031	0	0.118318	0
0	0	0	0	0	0	0	0	0	13.2308	0	0	0	0	0	0	0	0	4.50933	0
0	0	0	0	0	15.0523	0	0	0	0	0	0	0	7.39784	0	0	0	0	0	0.0461016
0	0	0.683417	0	0	0	0	0	0.719934	0	1.76918	0	0	0	0	0	0	0	0	0
0	0	0	1.35651	0	0.117742	0	0.331226	0	0	1.29923	0.0122069	0.00773963	0.102693	0	0.0969906	0.213925	0.0225247	0	0
0	0	3.92721	0	0	0	0	0	0	0	0	0	0	0	0	0	0	0	0	0.0509996
0	0	0	27.9704	0	0	0	0	0	0	0	0	0	0	0	0	1.01014	0	0	0
0.194773	4.04384	0	0.287131	0	0.172911	0	0.200756	0	0	0	0.00985334	0.0180156	0.200761	0.115223	0.0782956	0.136286	0.0370514	0	0
0	27.3322	0	2.0239	0	0	0.00253553	0	0	0	0.00195534	0	0.698421	0	0	0	0	0	0	0
0	0	0	0	0	0	0	0	0	0	13.8026	3.10221	0	0	0	0	0	0.326338	0	2.37536
0	0	0.942906	0.0759666	0	0	0	0	5.87568	0	0	0	0	0	0	0	0	0	0	0
0	0	0	0	1.7364	1.09944	0	0	0	0	0	0	0	0	0	0	0.159414	0	0	0
0	0	0	0	0	0	0	0	0	0	8.24852	0.219151	0	0	0	0	0	0	0	3.11587
0	0	0	0	0	0	0	0	0	37.1289	0	0	3.75954	0	2.04102	0	0	0	0	0
0	14.8222	0	0	0	0	0	0	0.159878	0	0	0	0	0	0	0	0	0.845344	0	0
3.84763	0	0	0	0	0	0	0	0	1.12548	0	19.8406	0	0	0	0	0	0	2.72417	0
0	0.353107	0	0	0	2.7565	0	0	0	0	0	0	0	0	0	0	0	0	0	0
0	0.784594	0.0925776	0	0	0	0	0	0	0	0	0	0	0.0033924	0	0	0	0	0	0
0	0	0	0	0	0	0	0	3.0801	0	0	1.00539	0	0	0	0	0	0	3.85245	0
0.125137	0	0	0.155442	0.273206	0	2.31873	0.0245869	0.0156255	1.09284	4.54594	0.0248224	2.97715	0	0	0	0.046112	0	0.0722854	0
0	0.426918	0	0	0	0	0	0	0	0	0	0	0	0	0	6.1272	0	1.6155	0	0
0	0	0	0	0	0	0	0	0	0	0	0	0.0856398	0	0	0	0	0	0	0
0	0	0	0	0	0	0	0	0	0	0	0	0	0	0	0	0.239641	0	0	0.818044
0	0	0	0.694408	0.206828	0	0	0	0	0	0	0	0.178871	0	5.89807	0	0	0	0	0.903456
0	0	0	0	0	0	0	0	4.18955	0	0	2.8504	0	0	0	0	0	0	2.19946	0
0	0.188645	0	0	0	0	0	0	0	0	0	0	16.2946	0	0.691319	0	0	0	0	0
0	0	0	0	0	0	0	0	0	0	0	0	0.0633967	0.104941	0	0	0	0	0	0.0946995
3.36957	0	0	0	0	0	0	3.67218	0	0	0	0	0	0	0	0	0.0173536	0	0	0
0.356083	0	0	4.35073	0	0	0	0	0	0	0	0	0	1.02583	0	0	9.55142	0	0	0
0	0	0	0	0.214252	0	0	0	0	0	0.000289676	0	0	0	0	0	0	0.768402	0	0
0	0	0	0	0	0	0	0	0.0924963	0	0	0	0	0	0	1.84007	0	0.468205	0	0
0	0	0	0	0	0	26.1879	0	0	0	42.2844	0	3.53984	0	0	0	0	0	0	0
5.71434	0	0	11.799	0	0	0	6.47203	0	0	0	0	0	0	0	0	0	0	0	0
0	0.666988	0	0	0	0	0	0	0	0	0	7.02128	0	0	0.448259	0	0	0.0724894	0	0
0	0	0	0	0	20.9915	0	0	0	0.594846	0	0	0	0	0	0	0	0	0	0
0	0	0	0	0	0	0	0	0	0	0	0	0	0	0	2.85446	0	0	0	0.027771
0	0	0.112519	0	0	0	0	0	0.143663	0	0	0	0	0	0	5.02908	0	0	0	0
0	0	0.557917	0	0	0	0	0	0	0	0.294	0	0	0	0	0	0.969324	0	0	0
0.442954	1.31583	0	0	0	0	1.29711	0	0	0	0	0	0	0	5.09552	0	0	0	0	0
0	0	0	3.55644	0	0	0	10.1781	0	0	0	0	0	0	0	0	0	0	0	0
0	0	0	0.27371	0	0	0	0	0	0	0	0	0	0	0	16.175	0	0	0	0
42.6039	0	0	0	0.437287	0	0	0	0	0	0	0	0	0	0.248028	0	0	0	0	0
0.0390961	0.0888249	0	0.12033	0	10.6192	0.0420585	0.161817	0	0.0338093	0	0	0	2.64463	0.0825607	1.74481	0.0684634	0	0.0297053	0
0	0	1.30569	0	0.773891	0	8.32732	0	0.0423727	1.00923	5.03903	0.0261038	1.43564	0	2.54085	0	0	0.0133513	0.0972247	1.43984
0	0	0	0	0	0	0	0	0	0	0	4.86294	0	27.187	0	0	0	0	0	0
0.91127	0	0	0	0	0	0	0	0	0	0	1.72008	0	0	0	0	0	0	0	0
0.610149	0.874868	0.0296934	0.240723	0	0	1.09259	0.382867	0	0.227765	0.485739	1.25667	0	0	1.25203	4.0785	0.820721	18.5182	0.313097	0
1.96352	0	0	0	32.6812	0	0	9.29535	0	0	0	0	0	0	0	0	0	0	0	0
0	0	2.97319	0	0.778294	0	0	0	0	0	0	0	0.492524	0	0	0	0	0	0	0
0	0	0	0	0	0	0	0	0	0	0	0	0	0	4.71134	0	74.568	0	0	0
0	0	13.4929	0	0	0.0738302	0	0	0	0	0	0	0	0.417592	0	0.158371	0	0	0	0
0.242366	0.235171	0.467372	0.384646	0.156297	0.001912	5.48124	0.14024	0.223907	0.142656	0.804429	0	0	0	4.07603	0.0586029	0	0	0.210658	0
0	1.09925	1.01699	0	0.0199217	0	15.1773	0	0	0.280274	4.44646	0	0.184952	0.388369	0	0	0.227099	0	0	0
0	0	0	0	0	0	0	0	7.44718	0	0	0	0	0	0	1.68123	0	20.821	0	0
0	0	0	0.127054	0	0.368788	0	0	0	0	0	0	0	0	0	0	0	0	0	0
0	0	0	0	0.0500803	92.3126	0	0	0.173684	0	0	0	0.027797	0	0.0125712	0	0	0.117352	0	0.0653307
63.0505	0.743027	0	0	13.3968	1.54715	0.374964	1.99888	1.81878	0	0	0.591746	0.82685	0.0376062	3.69792	1.43933	0	1.48787	0.445829	1.24948
1.86415	0	0	0	0	0	0.332556	0	0	0.444274	0	0	3.12972	0	0	0	0	0	0	0
0	0	0	0	0	0	3.62427	0	0	0.543904	0	6.39351	0	0	0	0	0	0	0	0
0	0.0467128	0	0	0.251991	0	19.55	0	0	0	0.0914384	0.0186742	6.63247	0.0908609	0.569187	0	0.0159263	0.0168322	0	0.223372
0	2.71961	0	0	0	0	0	0	0	0	0	25.9917	0	0	0.218686	0	0	0	0	0
0	0	0	0	1.0069	0	0	0	0	0	0	0	0	2.1745	0	0	0	0	0	0
1.03751	0.00938644	0	0	0	0	0	0	0	2.31066	0	33.1969	0	0	0	0	0	0	1.81041	0
0	0	0	0	0	0	0	0	0	0	1.18347	0	0	0	0	17.2168	0	0	0	0
0	0	0	20.7686	0	0	0	0	0	0	0	0	0	0	0.83796	1.41743	0	0	0	0
0	0	0	0	9.63692	0	0.275569	0	0	0	0	0	0	0	0	0	0	0	0	0
4.21828	4.86173	0	0	0	0	0	0	0	0	0	0	1.55722	0	0	0	0	0	0	0
4.24245	0	0	0	0	0	0	0	0	0	0	31.1571	8.67796	0	0	0	0	0	0	0
0	0	4.48831	0	0	0	0	0	0	0	0.280456	11.2525	0	0	0	0	0	0	0	0
0	0	0	0	0	0	0	0.0148603	0.105514	0	0.168418	57.3366	0	0	0	0	0	0	0.653455	0
0	0	0	0	0	0	0	0	0	0	9.36719	0	0	0.775919	0	0	0	0	0	0
0	0	0	0	0.0759724	0	0	0	0	4.05077	0	0	0.979122	0	0	0	0	0	0	0
0	0.918259	0	0	0	0	0	0	0	0	0	0	0	0	0	2.19724	0	0	0	0
1.28796	1.5782	0	0	0	0	0	0	0	0	0	0	0	0	0	0	12.579	0	0	0
0	0	0	0	0	0	0	0	0	0.0754465	0	0	0	0.0167989	0	0	0	0	0	0
0	0	0	0	0	0	0	0	0	0	1.21667	0	0	0.156561	0	0	0	0	0	2.66513
0	0	0	0	0	1.51484	0	0	0	0	0	0	0.270425	0	0	0	0	0	0	0
0	0	0	0	1.3609	0	0	0	0	0	18.8152	0	0	0	0	0	0	0	0	0.073619
0	0	0	0	0	0	10.6177	0	0	0	0	0	0	0	0	0	6.60893	0	0	0
1.79637	1.136	0	14.5302	0	0	0	0	0	0	0	0	0	0	0	0	0	0	0	0
0	0	0	0	0	0.018578	0	0	0	3.58757	0	0	0	1.76237	0	0	0	0	0	0
0	0	4.56185	0	0	0	0	0	0	0	0	0	0	0	1.8852	0	2.66673	0	0	0
0	0	0	0	0	10.0936	0	0	0	0	0	0	0	0	0	0	0	0	0	0
0	0	0	0	0	0	0	0	0	2.41439	0.273511	0	0	0	0	0	0	0	0	0
0	0	0	0	0	0	0	0	0	0	0.821319	0	0.344069	0	0	0.388547	0	0	0	5.90947
0.1054	0.173407	46.1351	0.204332	0	0	0.197298	0.0756028	0	0.0956109	0	0.022034	0	0	0.235706	0	0.124915	0	0.0817829	0
0	0	0	7.34628	0	0	0	3.57769	0	0	0	58.6755	0	0	0	0	0	0	0.851221	0
0	0	0	0	0	0	0	0.790145	0	0	0	12.5431	0	0	0	0	0	0	16.6281	0
0	0	0	0	0	0	0	0	0	0	0	0	0	0	2.37754	0	0	0	0	7.31001
0	0	0	4.7691	0	0	0	0	0	0	0	0	0.228313	0	0	0	0	0	0	0
0	0	0.632817	0	0	0	0	0	0	0	0	0.43157	0	0.466877	0	0	0	0	0	0
0	0	0	0	15.8694	0	0	0	0	0	0	0	0	0	0	0.0381205	0	0	0	0
0.272126	0	0.425138	0	10.534	0	0.292085	0	0	0	0.418214	0.206094	0	0.360717	0.404048	0	0.232569	0	0	6.8747
4.51953	0	0	0	0	0	0	0	0	0	0	21.75	0	0	0	0	0	0	8.15068	0
0	0	0	0	0	0	6.32703	0	0	0	0	0	0	0	9.56668	0	0	0	0	0
0	0	0	0	0	0	0	0	0	0	0	0	0	0	0	0	0	0	0	0
2.33697	0	0	0	0.0318507	0	0	0	0	0	0	0	0	0	0.0578602	0	0	0	0	0
0	0.0636618	0	0	0	0	0	0	0	0	0	0	0	0	0.00952391	0.532996	0	0	0	2.12193
0	13.0412	0	0	0	0	0	0	0	0	0	0	0	0.106314	0	0	0	0	0	0
0	0	0	0	0	0	0.9751	0	0.538546	0	0	0	0	0	0	0	0	0	0	0
0	0	0	0	0.337433	0	0	0	0	0	36.5929	0	11.2822	0	0	0	0	0.00183304	0	2.98487
0	0	0	1.70131	0	0	0	0	0	0	0	6.85525	0	0	0	0	0	0	0	1.2758
0	0	0.148241	26.9626	0	0	0	0	0	0	0	0	0	0	0	0	2.34926	0	0	0
0.330163	0	0	0	0.662912	0	0.514193	0	0	0.508433	0.0169752	1.04751	0.861049	0.107446	0	0	51.2365	0	0.237298	0.167093
0	0	8.28952	0	0	0	0.0862638	0	0	0.0256525	0.428754	0	0	0	0	0.865512	0	0	0	0
0	0	0	0.726405	0	0	0	0	0	0	0	0	0.0534867	0	0	0	0	0	0	0
0	0	0	0	0	0	0	0	0	0	0	15.2146	0	0	0	0	0	0	0	8.79573
0.34897	0	0	0.117299	0.0823106	0.169279	0	0.165443	0	0	0.0753288	45.0694	0.0621488	0	3.13956	0.111335	0.608188	0	0	0.702147
0	0	0	0	0	0	10.676	0	0	0	4.29577	1.69445	0	0	0	0	0	0	0	0
0	0	0	0	0	3.28552	0	0	0	0	0	0	0	1.18793	0	0	0.171797	0	0	2.85175
0	0	0	0	0.00653961	0	0	0	0	0	0	0	0.047389	3.2309	0	0	0	0	0	0.0075775
0	0	0	0.196514	0	0	0	0	0	0	0.153296	0	0	0	0	0	0	0	0	0
0	0	0	0	0	0	0	0	6.94476	0	0	16.6019	0	0	0	0	0	0	0	0
0	0.0642889	0	3.06416	0.550179	0	62.564	0	0	0.0504602	2.22099	0	0.655795	0	3.03235	0	0	0	0	1.0671
0	0	0	0	0	0.0242671	2.99625	0.0110989	0.00225761	0	0	0.00442417	0	0	27.5032	0.0357421	0.0083918	0.0199423	0	0
0.0664378	0	0	0	0	12.1385	0	0	0	0	0	0	0	0	1.69537	0	0	0	0	0
0	0	0	0	0	48.4538	0	0	0	0	0	0	0	0	0	4.32723	0	0	0	0
0	0	14.3637	0	0	0	0	0	0	0	0	0	0	0	0	0	0	0	0	0.319658
0	0	0	0	4.58362	0	0	0	0	0	0	0	0	2.50833	0	0	0	0	0	0
0	0	0	0	0	3.50787	0	0	0	0	0	0.295481	0	0	0	0	0	0	0	0
0	0.111292	0	0	0	14.1568	0	0	0	0	0	0	0	0	0	0	0	0	0	0
0	0	0	0	0	0	10.8368	0	0	0.265069	0	0	0.989241	0.903137	0	0	0	0	0	0
0	0	3.75912	0	0	0	0	0	0	0	3.00896	0	0	0.937526	0	0	0	0	0	0
0.0482176	0	0	0	0	0	0	0	0	8.09523	0	0	0	0	0	0	0	0	0	0
0.0208057	0.0613296	0	0	0	0	0.0220715	0	0	0.206356	0	0	0	0	0.0400708	0.346125	0	0	0.034258	0
0	0.407625	0	0	0	0	0	0	0	0	0	0	0	0	0	1.45939	0	0	0	0
0	0	0	0	0	0	0.862071	0	0	0.278519	0	0	0.0127913	0	0	3.69853	0	0	0	0
0.012618	0.0836745	0	0.471389	0	2.19526	0.0107605	0	15.8252	0.0589074	0.00171612	0	0.0464056	0	0.0287427	0.324941	0	7.34284	0.0313487	7.85817
1.48651	0	0	0	6.47832	0	3.89417	0	0	0	0	2.86621	0	0	0	0	0	0	0	0
0	0	0	0	0	0	0	0	0	0	0	0	0	0	4.85174	0	0	0	0	2.22082
0	0	3.47156	0	0	0	0.286696	0	0	0	0	0	0	0	0.138201	0	0	0	0	0
0	0	0	0	2.5705	0.042289	0	3.64884	0.207048	0	0	0	0	0	0	0	0	0.0172255	0	0.0276774
0	0	0.378638	0	0	0	1.64621	0	16.362	0	0.831244	0.667294	0	0.0507405	0	0	0.0419232	0.175901	0	0
0	0	0	0	0	0	0	0	0	0	0	0	0	0	0	0	0	0	0	18.1264
0.0369401	0.174633	0	0.318401	0	0	0	0.231571	4.73157	0	0	0	0	0	0.0796048	0	0.0405332	3.24143	0.00387159	0.139754
0	0.777774	0	0	0	0	0	0	0	0	0	0	0	0	0	0	0	0	0.34527	11.2189
0	0	0.0260809	0	0	0	0	0	0	0	0	0	0	0	0	0	0	0	0.108637	0
0	0	14.7665	0	0	0	2.74865	0.01078	0	0	0	0	0	0	0	0	0	0	0	0
0	0	0	14.7002	0	0.234947	0	0	0	0	0	0	0	2.649	0	0	0	0.162127	0	0
0	0	0	0	0	0	0	0	2.2411	0	0	0	1.67554	0	0	0	0	14.7973	0	0
0	0	0	0	0	0	0	0	0	0	0	0	0	3.70429	0	0	0	0	0	0
0	0	0	0	2.0058	0	0	0	0	0	4.69583	1.42844	0	0	0	0	0	0	0	0
0	0	0	0	0	4.1667	0	0	0	0	0	0.925457	0	0	0	0	8.98071	0	0	0
14.1263	0	0	0	0	0	0	0	1.44188	0	0	0	0	0	0	0	0	0	0	1.14896
0	0	0	0	0	0	0	0	1.73783	0	0	0.154007	0	0	0	0	0.00780425	0	0	0
0	0	3.8782	2.48778	0	0	0	0	0	0	0	0.000252713	0	0	0	0	0.0193521	0.0049953	0	0
0	0	0	0	0.00567886	0	16.681	0	0	0	0	34.0325	0.00484553	0	0.00746384	0	0.0380576	0	0	0
0	0.203297	0	10.5797	0	0	0.182917	0	0	0	0	0	0	0	0	0	0	0	0	0
0	0	0	0	0	0	0	0	0	0.109548	0	0	0.0180674	0	0	0	0	0	0.659737	0
0	12.001	0	0	0.855322	0	0	0	0	0	0	0	0.631755	0	0	0	0	0	0	0
0	2.11294	0	0	0	0	0	0	0	0	0	0	3.92376	0	0.340468	0.192089	0	0	0	0
0	0	0	0	5.51832	0	0	0	0	0	0	0	0	0	0	0	0	0	0	0
0	0	5.23569	0	0	0	2.67172	0	5.31226	0	0.419565	0	0	0	0	0	0	0	0	0
1.66558	0	0	0	0	0	0	0	0	0	0	0	0	0	0	0	21.4045	0	0	0
0	0	0	0	0	0	0	11.5874	0	0	0	0	0	0	0	0	0	0	0	0
0	0	0	0	11.5893	0	0	0.00467941	0	0	0	0	0	1.44259	0	0	0	0	0	0
0	0	0	0	0	0	4.75777	0	0	0	0	0	0.299255	0	0	0	0.0918328	0	0	0
0	0	0	0	0	0	0	0.796537	0	0	0	0	0	0	0.0573601	0	0	0	0	0.067552
0	0	1.45589	0	0	0	0	0	0.572932	0	0.484653	0	0	0	0	0	0	0	0	0
0	0	0	0	0	50.8708	0	0	4.44977	0	0	0	0	0	0	0	0	0	0	3.09763
0	0	0	0	14.0296	3.13407	0.011309	0	0	0	0	0.177593	0	0	0	0	0.0492558	0	0	0
0	0	0.15971	0	0	4.69991	0	0	0	0	0	0	0	0	0	0	0	0	0	0
0	0	0	0	0	0	0	0	0	0	0	0	3.3957	0	0	0	0	0	0	1.22459
0	0	0.32279	0	0	0	0	0	0	0	1.87698	0	0	0	0	0	7.64284	0	0	0
0	0	0	0	0	0	0	0	0	0	0	0	0	0	0	0	9.21747	0	0	0.797455
0.0911708	0	0.172139	0	0	0	0.0426836	1.34862	0.134073	0	0.0545549	0.0591154	0	0.33536	0.219745	0	0.232107	29.7732	0	0
0	0	0	0	0	0	0	0	0	0	0	0	0	0.389638	0	0	2.61929	11.0765	0	0
0	0	0.0713853	0	0	0	0	0	0	0	0	0	0	0	0.124842	0	0.186074	0	0	0
0	0	0	0.624602	0	5.95627	0	0	0	0	0	0	0	0	0	0	0	0	0	0.162951
0	0	0	0	2.26168	0	1.81632	0	0	0	0	0.0366013	0	0.0414243	0	0	0.0369079	0.0208941	0	0
0	0.283161	0	1.93098	0	0	0	0	0	0	0	0	0	0	0	0	0	0	3.99601	0
0	0	0	0	0	0	1.5367	0	0.699417	0	0	0	0	0	1.2261	0	0	0	0	0
0	0	0	0	5.64408	0	1.1676	0	0	0	0	0	0	0	0	0	0	0	0	0
0	0	0	0	0	1.86217	0	0	0	0.0154074	0	0	0	0	0	0	0	1.04776	0	0
0.00390626	0	0.611092	0	0	0.471181	0.0592212	0	18.0948	0	0.261601	0.288009	0	0.609986	0	0	0.30361	1.43786	0	0
0	0.344876	0.186095	0.00105271	0	0	0.0224933	0	0	0	0.129552	0.0234752	0	0.131588	8.58802	0	0.0695499	0.0354436	0	0.0765417
0.160082	0.233527	0.0110874	0.147465	0	0	0	0.140968	0	0	0.271516	1.76397	0	0	0.048332	0	0	2.39795	0.0451408	0.106286
0	0	8.25676	0	0	0	0.391435	0	0	0	0	0	0	0	19.7655	0	0	0	0	0
21.0051	0	0	0	0	0	0	0	0	0	0	0	0	0	0	0	0	0	0	0
0	0	0	0	0	5.66971	0	0.459482	0	0	0	0	0	0	0	0	0	0	0	0
0	0	0	0	0	0	0.00942868	0	0	0.77084	0.000446655	0	0	0	0	0	0	0	0	0
3.14276	0	0	0	2.50589	0	0.881446	0	0	0	0	0	0	0	0	0	0	0	0	0
3.73638	0.180478	0.408714	0.12488	0	0	0.192717	0	0	0	0.107131	0.119045	0	0.183798	1.38477	0	0.576645	0	0.112225	0
0.0651718	0.625076	0	0.741829	0	1.7492	0	42.3656	1.22707	0	0	0	0	0	0.375983	1.10826	0	0.813448	0	0.279787
0	10.2282	0.0308951	1.58428	0	0	0	0	0	0	0	0	0	2.97003	0	0	0	0	0	0
0	0	0	0	0	0	12.2638	0	0	0	0	0	5.39827	0	0.774472	0	0	0	0	0
0	0.300346	0	0	0	0	0	0	0	1.69943	0	0	0	0	0	0	0	0.0205808	0	0
0	0	0	0	0	0	14.7994	0	0	0	1.15914	0	0	0	0	0	0	0	0	0
0	5.81132	0	0	0	0	0	0	0	0	0	0	0	0	0	0	0	0	0	0
0	0	0	0	0	0	0	0	0	0	1.23764	0	0	0	0	0	8.31946	0	0	0
0	0	0	0	0	0	0	0	1.40542	0	0	0	0	0	0.679029	0	0	0	0	0
0.0510455	0	0	0	0	0.192067	10.6591	0.106391	0.214929	20.0217	0	0.109529	0	0.38771	0	0.271322	0.228733	0.153933	0.254804	0
0	0	0.398472	0	0	0	0	0	0	0	0.557013	0	0	0	0	0	0.0256862	0	0	6.87646
0	0.813363	11.2149	0	0	0	0	0	0	0	0	0	0	0.389879	0	0	0	0	0	1.53612
0	0	0	0	0	0	0	0	0	0	22.979	0	0	0	0	0	0	0	0	0
0	8.20271	0	0	0	0	0	0	0	0	0	0	0	0	0	0	0	0	0	0
0	0	0	0	0	0	0	0	4.25492	0	0	2.1792	0	0	0	0	0	0.987839	0	0
0	3.64137	0	0.170819	0	0.0792142	0	0.0755015	0.0659571	0	0	0	0	0	0	0.13419	0	0.0426466	0.0205074	0
0	0.515733	0.456683	0.126931	2.94639	0	13.6533	0	0	0.0739259	1.44523	0	2.78286	0.100701	3.673	0	0	0	0	1.96552
0	0	7.42419	0	0	0	0	0	0	0	0	0	0	0	0	0	0	0	0	0
0	0	0	0	0	0	0	0	0	0	8.12016	0	4.60555	0	0	0	0	0	0	0
0.00629937	0.0253544	0	0.0292206	0	17.1983	0	0.0706732	0	0	0	0	0	0	0.0120372	0	0	0	0	0.27024
0	0	10.5329	0	0	0	8.51707	0	0	0	0	0	0	0	11.3415	0	0	0	0	0
0	0	13.2734	0.764161	0	0	0	0	0	0	0	0	0	0	0	0	0	0	0	0.0863281
0	0	2.90512	0.0204626	0	0	0	0	0	0	0	9.5365	0	0	0	0	0	0	0	0
0	0	0.928431	0	0	0	0	0	0.0268897	0	0	0	0	0	0.813279	0	0	0	0	0
0	6.31643	0	0	0	0	0	0	0	0	0	0	0	0	0	0	0	0	0	0
0	0	0	0	9.39031	0	0	0	0	0	0	0	0	0.0745759	0	0	0	0	0	0
0	0	0	0	0	0.0842818	0	0	0	0	0	0	0.408873	0	0	0	0	0	0	0
0	0	0	0	0	0	0	0	12.0036	0	0	0	0	0	0	0	0	0	3.66033	0
0	0	0	0	0.817169	0	0	0	5.3176	0	0.0202573	1.45441	0	0	0	0	0	0	0	0
0.130801	0.189238	0	0	0	0.381526	0.624793	0	0.303329	0	0	17.9697	0	0	0.510064	0.50302	0	1.25216	0	0
0	0.0728712	0	0.515496	0	0	0	0	0	0	0	0	0	2.96144	0	0	0	0	0	0.172604
0	0	0	0.0070593	0.301094	1.42444	0	0.0413165	0	0	0	0	1.62794	0	0	3.4718	0	0	0	0.0443202
0	0	0	0	52.7663	0	0	0	0	0	0	0	0	0	0	10.8606	0	0	0	0.623277
0	0	0	0	0	0	0	0	0	0	0.0675984	0	9.79651	0	0	0	0.463941	0	0	0
0.438697	0	0	0	0	0	0.112365	0	0	0	0	0	0	0	2.97256	0	0	0	0	0
0	6.79983	0.0283703	0	0	0	0.0268981	0	0	35.8817	0.0185989	0	0.0578921	0	0.122677	0	0	0	0	0
0	0	3.30831	0	0	0	0.746551	0	0	0	0.76027	0	0	0	0	0	0	0	0	0
0.0469268	0	0.122728	3.71027	0	0	0.0445692	0	1.53982	0	0.0823712	0.0329206	0	0.0194823	0.123237	0	0.042265	0	0	0
0	0	0	0	0	0	0	0	0	0	0	0	2.16031	0.0389043	0	0	0	0	0	0
0	0	0	0	25.1607	3.35884	0	0	0.308364	0	0	0	0	0	0	6.2465	0	0	0	0
0	0	0	0	4.60946	0	0	0	0	0	18.3571	0	0	0	0	0	0	0	0	0
0	0	0	0	0.462932	0	0	0	13.6656	0	0	0	0	0	0	0	0	0	0	10.3637
0	0	0	0	17.6309	0.659418	0	0	0	0	0	0	0.704312	0	0	0	0	0	0	0
0	0	0	0.102382	0	0	0	0.0857017	0	0	0	0	0	0.625118	0	0	0	0	0	0
0	0	0	0	0	0	0	0	0	0	1.69917	0	0.269351	0	0	0	0	0	0	1.14293
0	0	0	0	44.4737	5.28695	0	0	1.63982	0	0	0	0	0	0	12.703	0	0	0	0
0	0	0.0336539	0	0	0	0	0	0	0.11208	0	0	0	0	0	0	0	0	0.0186715	0
0	4.04484	0	0	0	0	0	0	0.129877	0	0	0	0	0	0	0	0	0.88555	0	0
0	0	0	0	0	0	0.115513	15.4441	0	0	0	0	0	0	0	0	0	0	0	0
0	2.55609	0	0	0	0	0	0	12.357	0	0	0	0	0	0	0	0	0	0.772282	0
0	0	0	0	0	0	0	0	0	0	0.83038	0	0	0	0	0	0	0	0	0
0	0	0	0	0	0	0	0	0	0	0	0	0	0	0	0	0	0	0	13.5076
0	0	0	0	0	0	0	2.09377	0	0	0	0	0	0	0	0	18.8329	0	0	0
0	0	0	0	0	0	0	0	0	0.647872	0	23.3044	0.719265	0	0	0	0	0	0	0
0	0	0.645855	0	0	0	0	0	0	0	0	0	0	0	0	0	0	0	0	0.209737
0	0	0	0	0	0	0	12.2649	0	0	0	0	0	0	0	0	0	0	37.7049	0
0	0	3.63343	0	0	0	3.36547	0	0	0	0	0	0	0	4.66107	0	0	0	0	0
0	0.542938	0	0	0	0	0.866831	0	0	0.115444	0	0	0	0	0	0	0	0	0	0
0	0	0	0	0	2.26465	0	0	1.49997	0	0	0	0	0	0	3.65999	0	0	0	5.6555
0	0	0	0	0	0	5.27699	0	0	0	0	12.1945	0	0	0	0	0	0	0	0
0.0442196	0	0	0.0233819	1.05266	0.334451	0	0.215366	0.571638	0	7.37107	0.393072	0	0.303673	0	0.376118	0.228659	0.400638	0.140397	0
0	0	2.9451	0	0.108223	0	0	0	0	0	0	0	4.56455	0	0	0	0	0	0	0
0	4.44013	0	0	0	0	1.30957	0	0	0	0	0	0	0	7.54832	0	0	0	0	0
0	0	0	0	0	0	0	0	0	0	0	3.81893	0	0	0	0	0	0.149072	0	4.23936
0	0	0.165702	0	1.18582	13.3582	0.0421254	0	0.498762	0	0.11116	0.0871205	0	0.276778	0.0317122	0.205812	0.115521	0	0	0
0	0	0.182625	0	0	0	0	0	0	0.0377497	0	0	0	0	0	0	0	0	0	0
0	0	0	0	8.95401	0	0	0	0	0	0	0	0	0	0	1.27135	0	4.11847	0	0
0	0	0	2.48802	0	0	0	0	3.24012	0	1.81917	0	0	0	0	0	0	0	0	0
0	0	0	0	2.95531	0	0	0	0	0	0	0	0	0	0.0143327	0.0315658	0	0	0	0
0	0	0.0459889	0	1.17531	0	0	0	0.0330635	0	0	0	0	0	0.48653	0	0	0	0	0
25.1924	2.27845	3.1256	3.41762	28.8173	0	2.14072	0	0	2.3989	3.17423	4.65315	0	3.14011	0	0	7.02333	0.196671	0	14.5774
0.213085	3.56668	0	0	0	0	1.05986	0	0	0	0	0	0	0	0	0	0	0	0	0
0	0	0	0	0	0	1.60943	0	7.33868	0	0.44452	0	0	0	0	0	0	0	0	0
0	0	0	7.00456	0	1.15481	0	0	0	0	0	0	0	0	0	0.749759	0	0	0	0
0	0	0	0	0	0.741273	0	0	0	0	0.0505945	14.3868	0	0	0	0	0	0	0	0
0.131437	0	0	0	7.17574	0	0	0.519477	0	0	0	0	0	0	0	0	0	0	0	0
0	2.87342	0	0	0	0	2.2697	0	0	0	0	0	0	0	0.820586	0	0	0	0	0
0	0	0	0	0	0	0	0	0	0.283478	0	0	0	0.051214	12.9601	0	0	0	0	0
0	0	0	0	0	0	0	0	0	2.28492	0	0	0.0157272	0	0.114381	0	0	0	0	0
0	0	0	0	0	1.98892	0	0	0	0.680695	0	0	0.500988	0	0	0	0	0	0	0
0	0	0	0	0	0	0	0	0	0	0.349414	0.567337	0	6.54675	0	0	0	0	0	0
0	0	0	0	7.79261	0	0	7.44666	0	0	0	0	0	0	0	0	0	0	0	0
0	0	0	0	0	0	0	12.9359	0	0	0	0	0	0	0	0	0	0	0	0
0	0	0	0	0.0593859	0.138135	0	0	0	0	0	2.78963	0.0648886	0	0.114651	0.104312	0.0362923	13.4454	0	0.0886935
0	0	0	0	0	0	0	0	0	3.42805	0	65.3456	0	0	0	0	0	0	16.3674	0
0	0	0	0	0	0	4.77249	0.414955	0	0	0	0	0.477088	0	0	0	0	0	0	0
0	0.0557776	0.0862444	0.00118674	0	0	6.83591	0	0	0.00687608	0.228833	0	0	1.17743	60.8411	0	0	0	0	0
0	0	3.71738	0	0	0	0	0	0	0	0.114749	0	0	0	0	0	0	0	0	0
0	0	0	0	0	0	0	0	0	0	0.384605	0	0	0	0	5.4326	0	0	0	0
0	0	0	0	0	8.74702	0	0	4.36589	0	0	0	0	0	0	0	0	0	0	0
0	0	0.282865	0	0.148921	0	0	0	0	0	0	0	15.5023	0	0.541112	0	0	0	0	0
15.4333	0	0	0	15.5191	0	0	0	0	0	0	0	0	0	0	0	0	0	0	0
0	0	0	0	0	0	0	0	0	0.0887601	0	0	0	0	26.941	0	0	0	0.622426	0
7.77668	0	0	0	0	15.9347	0	0	0	0	0	0	0	0	0	0	0	0	0	0
0	0	0	0	0	0	11.0112	4.3818	0	0	0	0	0	0	0	0	0	0	0	0
0	0	0	0	0.0508098	0	0	0	0	0.134178	0	0	0	0.719132	0	0	0	0	0	0
0	0	0	0	0	0	0	8.31114	0	0	0	0	0	0	0	0	10.0722	0	0	0
0	0	0.186308	0	0.473371	0	0	0	0	0	0	0	0.614329	0	0	0	0	0	0	0
0	0.0334942	0	0	0	0	0	0	0	0.00194943	0	0	0	0	4.28907	0	0	0	0	0
0	4.62129	0.239228	0	0.078538	0.574188	0	0	0	0.247551	0	30.9153	0.102944	0.337927	0	0.32413	0.2432	5.13143	0.401448	0.0534491
0	0	0	0	44.0641	0	0	0	0	0	0	0	0	0	0	0	0	0	0	0
0	0	0	0	0	5.54201	0	0	0	0	0	0	3.77787	0.113325	0	0	0	0	0	0
0	0	0.0359931	0.0866378	0	0.0111795	0	0.0277766	0.00222879	0	0.0693287	0	0	0	2.17716	0.0392387	0	0	0	0
0	0	0	0	12.4633	0.00851102	0	0	0	0	0	0.447891	0.00451108	0	0	0	0	0	0	0
0	0	32.1804	0	0	0	0	0.145968	0	0	0	0	0.134323	0	0	0	0	0	0	0
0	1.96865	0	0	0	0	0	0	0	0	0	0	0.939822	0	0	0	0	0	0	0
0	0.931965	0	0.805982	0	0	0	0	0	0	0	0	0	0	0	0	0	0	0	1.52827
0	0	2.14638	0	0	0	0	0	0	0	0	0	0	0	0	0	0	0	0	0.0980125
0.0456101	0	0.638288	0	0.00449154	0.104916	0.856318	0	0.77706	0	0.317466	51.8425	0	0	0.795388	0.422891	1.18652	1.02211	0	0.0944163
0	0	0	0	2.21118	0	0	0	0	5.36152	0	0	0.960084	0.00234155	0	0	0	0	0	0
0	0	0	0	0	0	0.0132825	0	0	0	1.01977	0	0	0	0	0.00367465	0	0	0	0
0	0	0	0	0	0	0	0	0	0	0	0	0	0.0461296	0	0	0	0	0	0.194289
0	0	0	0	1.82856	0	0	0	0	0	0	0	1.59055	0	0	0	0	0	0	0
0	2.69153	0.010144	0.287294	0.00156575	0	0.0799163	0	0	0	0.0641887	0	0.0532715	0	0.0259534	0.17226	0	0	0	0.0167477
0	0	0	0	0	0	0.057331	0	0	10.0006	0	0	0.87937	0	0	0	0	0	0	0
0	0	0.0651692	0.131208	0	0	0	0	0	0	0.595112	0	0	0	0	2.02185	0	0	0	0
0.757542	0	0	2.12093	0	0	0	0.367171	0	0	0	0	0	0	0	0	0	0	1.3257	0
0	0	8.97379	0	0	0	1.54648	0	0	0	0	0.00357004	0	0	0	0	0	0	0	0
0	0	0.739669	0	0	0	0	0	0.380243	0	0	0	0	0	0	0.266138	0	31.2453	0	0
0.401224	0.677979	0	0.808178	0	1.52019	0.0588541	1.35614	2.12121	0.350907	0	0.331883	0	0	0.196047	0	0.226343	8.26199	0.64444	0
0	0.00832519	0	0.0262834	0	0	0	0	0	0	0	0	0	0.048242	0	1.64866	0	0	0	0
0	0	0	0	0	0	0	0	0	2.63629	0.458057	0	0	0	0	0	0	0	0	0
0	3.53339	0	0	0	0	0	0	0	0.290378	0	0	0	0	0	0	0	0	0	0
0	0	0	0.182399	0	0	0	0	0	0.0844832	0	0	0	0	0	0	0	0	0.0105901	0
0	0.639429	0	0	0	0	0	0	0	0	0	0	0	0.319619	0	0	0	0	0	0
0	0	0	0	0	0	0	25.351	0	0	0	10.1591	0	1.5339	0	0	1.05731	0	0	0
0	0	0	0	1.38827	0	0	0	0	0	2.53504	1.84896	0	0	0	0	0	0	0	5.53883
0	1.35889	0	0	0	0	0	30.7234	0	0	0	0	0	0	0	0	0	0	0	0
0.0112792	35.2179	0	0.0469863	0	0.0377742	0	0.0495375	0.0592824	0	0	0.00292531	0	0	0	0.0485732	0	0.0447719	0.0653983	0
0	0	0	0	0	0	0	0	0	0	4.36104	0	0	0.895422	0	0	0	0	0	0
0.017184	0	38.4844	0	0.00827792	0.0128627	0.0103245	0.0273931	0.0572631	0.00730618	0.0432403	0.0369167	0	0.0091689	0	0	0.0506059	0.0282669	0.0290239	0
0	0	0	0	0	0	0.251853	0	0	0.0380149	0	0	0	0	0	0.300218	0	0	0	0
0	0	0	0	0	0	0	0	18.9148	0	0	0	0	0	0	0	0	0	0	14.4493
0	0	0	0	0	0	0	0	0	0	1.96567	0	0	0	26.8633	0	0	0	0	0
0	0	0	0	0	0.490451	0	0	1.3536	0	0	0	0	0	0	0	0	6.24102	0	0
2.46417	0	0	0	0	0	5.77214	0	0	0	0	0	16.8679	0	0	0	0	0	0	0
0	0	0	0	0	0	0	0	0	0	0	6.34836	0.885266	0	0	0	0	0	0	0
0.0955906	0.0863368	0	0.134034	0	0	0.266325	0.0722755	0	0.294784	2.55718	0.0648227	3.42502	0	0.089301	0	0.167334	0	0.0933861	0
0.16907	0	56.5885	0.084403	0	0.0175796	1.06187	0.0546899	0.0174608	0	0	0.0183316	0	0.026102	0	0.00336827	0.0947461	0	0.138118	0
0	0	0	0.418822	0	0	0	0	0	0	0.685008	1.4007	0	9.50046	0	0	0	0	0	0
0	0	2.65344	0	0	0	0.0316601	0	0	0	0.180132	0	0	0	0	0	0	0	0	0
0	0	0	0	0.931326	0	0	0	0	0	0.796516	0	3.08108	0	0	0	0	0	0	0
0	0	15.3994	0	0	0	0	0	0	0	3.47409	0	0	0	0	0	0	0	0	0
0	0	0	0	2.33178	0	7.77693	0	0	0	6.96945	0	0	0	0	0	0	0	0	0
0	0	0	0.168623	0	0	0	0	0	0	0.170711	0	0	0.000873901	0	0	0	0	0	0
0	0	0	0	0	0.0374621	0	1.39118	0	0	0	0	0	0	0	0	0	0.479489	0	0
0.123191	0.328098	52.48	0.0908973	0	0	0.483505	0	0	0.299178	0.128189	0.00611913	0.0698385	0	0.424191	0.796878	0.0545213	0	0.109485	0
0	0	0	0	0	0	9.12843	0	0	3.69514	0	0	0	0	0	0	0	0	0	0
52.2238	0	0	0	0	0	0	0	0	0.00118315	0	0	0.370447	0	0	0	0	0	2.69409	0
0	0	0	0	0	0	0	1.04447	0	0	0	0	0	0	0	0	5.25704	0	0	0
0	0.627253	0	0	0	0	0	0	0	0	0	0	0	0	0	0	0	0	0	0.264104
0	0	0	0	0	0	0	0	0	0	0.437093	0	0	10.8253	0	0	0	0	0	0
0	0	7.31075	0	0.164547	0	0	0	0	0	0	0	0	0	0	0	0	0	0.187032	0
0	0	0.132457	0.136814	0	0	0	0	0	0.12304	0	0	0	0	0	0	0	0	0	0
0	4.40819	0	0	0	0	0	0	0	0	0	0	0	0	5.35086	0.356273	0	0	0	0
0	0	0	0	0	0.492222	0	0	0	0	0	0	0.0461818	0	0	0	0	0	0	0
0	0	0.0069313	0	0	0	0	0	0	0	0.397358	0	0	0	0	0.209721	0	0	0	0
0.424597	0	0	7.56805	0	0	0	0	0	0	0	0	0	0	0	0	0	0	0.274219	0
0	0	0	0	0	0	0	0	9.34516	0	0	7.43993	0	0	0	0	0	0	0	0
0	0	0	0.0267879	0	0	0	1.6662	0	0	0	0	0	0	0	0	4.20559	0	0	0
0	0	0	0	0.0758601	0	0	0	0.00836813	0	11.3601	0.000700003	0	0	0	0	0	0	0	0.240331
0.0483081	4.70288	0	0	0	0.0218024	0	0.364324	0	0	0	0.00577448	0	0	0	0	0.00368491	0.0498389	0	0
0	0	0	0	0	0	0	0	0	0	0	0	0	6.27195	0	0	0	0	0.21391	0
0	0	0	0	0	0	0	0	0	0	0	0	0	0	0.787892	0	0	0	0	0
0	40.9473	0	0.670785	0	0	0	0	0	0	0	0	0.475704	0	0	0	0	0	0	0.000635836
0	0	0	0	0.00678268	0	10.9343	0	0.460384	0	0	0	0	0	0	0	0	0	0	0
0	0	0	0	0	0	0	0	0.247731	0	12.6546	0	0	0	0	0	0	0	0	0
0	0	0	0.278059	4.84266	0	0	0	0	0	0.00486013	0	0.0696444	0	0	0	0	0	0	0
0	0.73508	0	0	0	0	0	0	0	0	0	0	0	0	0	0	0	0	0	0
0	0	0	0	0	0	2.38022	0	0	3.39947	0	0	1.87767	0	0	0	0	0	0	0
0	0	0	0	0	0	0	0	0	0	0.183193	0	0	0	0	0.0246245	0	0	0	0
0	0	0	0	0	0	0	0	0	0	0	5.76101	0	0	0	0	14.1143	0	0	0
0	0	0	0	0	0	0	0	0	0	6.07204	0.761225	0	26.3097	0	0	0	0	0	0
0	0	0.0132857	0	0	11.7148	0	0	0.916524	0	0	0	0	0	0	0	0	0	0	0
0	0	2.12466	0.408228	0	0	0	0	0	1.25064	0	0	0	0	0	0	0	0	0	0
0	0.843276	0	0	0	0	0	0	0	0	0	0	0.556466	0.166555	0	0	0	0	0	0
0	0	0	0.416286	0	0	0	0	0	0	0	0	0.0406076	8.8171	0	0	0	0	0	0
0	0	0	0	1.89835	0	0	0	0	0	0	0	0	0	0	0.00321696	0	0	0	0.862936
0	0	0	0	0	0	0	0	0	0	0	0	0	0	0.612559	0	0	0.429278	0	0.0414276
0.0559741	21.925	0	0	0	0.0406143	0	0.0386308	0	0	0	0.0120276	0.3674	0.0437213	0	0.00899806	0.0286399	0.0232562	0	0
0	0	0	0	0	33.6699	0	6.44474	0	0	0	0	0	0	0	0	0	0	0	0
0	0	9.50338	0	0	0	0	0	0	1.00638	0	0	0.439419	0	0	0	0	0	0	0
0	0	0	0.168163	0	0	0	0	0	0	0	0	3.44296	0	0	0	0	0	0	0
0	0	0	0	0	0	0	0	3.61996	0	0	0	0	0	0	0	0.0537643	0	0	0
12.9329	0	0	0	1.59333	0	0	0	0	0	0	0	0	0	0	0	0	0	0.645951	0
0	2.96523	0.0261802	0	0	0	0	0	0	0.561406	0	0	0	0	0	0	0	0	0	0
0	0	0	0	0	0	0	0	0	0	0	5.42679	0.810975	0	0	0	0	0	0	0
0.020944	0	0	0	0	0	0.0263604	0	0	0	0	0	0	0	0.0196477	0	0	0	6.5508	0
0	0.281067	0	3.1397	0	0	0	0	0	0	0	0	0	0	0	0	0	0	0	0
10.0893	0	0.457096	37.9225	0.466077	0.0172938	0	0.671174	0.708586	0	0	0.796043	0.0621969	0	0.753649	0.0999361	0	0.290854	1.81112	1.06194
0	0	0	0	0	0	0	0	0	0	0	0	1.86257	0	0	0	0	0	0	1.34695
0	0	0	0	0	0	0.821133	0	0	2.53205	0	41.7023	0	0	0	0	0	0	0	0
0.406528	1.62821	0	0	0	0	0	0	0	0	0	0	0.778062	0	0	0	0	0	0	0
0	0	0	0	0	0	0	40.9232	0	0	0	0	0	0	0	0	0	0	0	0
0	0	0	0	0	0	0	5.09472	2.61185	0	0	28.1365	0	0	0	0	0	0	0	0
0	0	0	0	0	0.603163	0	0	0	0	0	0	0	3.10078	0	0	2.44254	0.143878	0	0
0	0	0	0	0	0	0	0	0	0	0	0	0.000496502	0.238403	0	0	0	0	0	0
0	2.89204	0	0	0	0	0	0	0	0	0	0.266317	0	0	0	0	0	0.201731	0	0
0	0	0.000808876	0	0.0897367	0	0.00950497	0	4.29151	0.0477069	0.0916494	0.0452805	0.0755978	0	0	0.109408	0	1.38815	0	0.0385542
2.77562	0	0	0	0	0	0	0	0	0.426519	0	0	1.12016	0	0	0	0	0	0	0
0	0	0	0	1.63395	0	0	0	0	0	0	1.98559	0	0	0	0	0	3.55607	0	0
1.24424	0	0	4.2699	0	0	0	0	0	0	0	0	0	0	0	0	0	0	0	0
0.683554	0	0	0.0599067	35.5951	0.321636	0	0.526501	0.289185	0	0	0.210018	1.00423	0.0964779	0	0.210461	0.245914	0.233161	0.307036	0
3.89505	0.245634	0	0	0.245902	0	0	0	0	11.5338	0.0529429	0.22864	0.177293	0.832844	0	0	1.42011	0.0868544	0	0.169569
0	0	0	0	0	4.66292	0	0	0	0	0	0	0	0	0	3.62231	0	0	0	4.93593
0	0	0	0	0	0.971254	0	0	0	0	0	0.491923	0	0.122258	0	0	0.249971	0	0	0
0	0.0288646	0	0	0	0	0	0	0	0.15171	0	0	0	0	0	0.220654	0	0	0	0
0.0109545	0.00752321	20.4027	0.0150029	0	0	0.0340276	0	0	0.0209946	7.4332	0	0	0	0.0130976	0	0.00234041	0	0.0111381	0
0	0	0	0	0	0	5.59737	0	0	1.04213	0	0	0	0	0	0	0	0	0	0
0	0	42.7359	0	0	0	0	0	0	0	0	0	0	0	0	0	0	0	0	0.240547
0	0	0	0	0	0	0	0	1.79214	0	0	0	0	0	0	0.112747	0	5.32128	0	0
0	0	0	0	0	0	0	4.39835	0	0	0	0	0	0	0.0833488	0	0	0	0	0
0.0425051	10.7947	0.633337	0.172102	0	0.0321483	0	0.0473894	0.0559379	0	0	0.00570142	0	0	0	0.0523978	0	0.0333608	0.051122	0
0	0	0	0	4.33088	0	0	0	0	0	0	0	0	0	0	0	0	0	0	0
0	2.19674	0	0	0	0	0	0	0	0	0	0	0.0723696	0.736683	0	0	0	0	0	0
0	0	0	0	0	0	0	0	0	0	0	0	0	0	0	3.19246	0	0	25.7415	0
0	0	0	0	0.0208369	0	0	0	0	0	0.778176	0	11.5202	0	0	0	0	0	0	0
0	0	3.6657	0	0	0	0	0	0	0	0	0	0.272734	0	3.51421	0	0	0	0	0
0	0	1.14622	0	0	0	0.0797578	0	0	0	0	0	0	0	0.90942	0	0	0	0	0
0	0.0588284	0.118169	0.0262929	0.181882	0	10.1846	0	0.00252434	0.0519886	0.178137	0	0	0	4.41857	0	0	0	0.0265683	0
0	0	0	1.06654	0	18.9872	0	0	0	0	0	0	0	0	0	0	0	0	0	0
0	0	0	0	0	0	0	0	0	0	0	0	0	0	0.245026	0	0	8.97295	0	0.0361092
0	0	0	0	0.0490022	44.6252	0	0	0.0422957	0	0.00310315	0.0156729	0.0555987	0	0	0	0	0.211649	0	0.0393344
0	0	0	0	0	0	0	0	0	0.116997	0	0	0	0	0	10.9579	0	0	0	0
0	0	0	0	73.4117	42.1935	0	0	0	0	0	0	0	0	0	1.41099	0	0	0	0
18.0066	0.524473	0	0.870724	0.489634	0	0.175679	0	0	0	0.541288	0.783665	0.334681	0	0	0	0	0.0997971	0	0.964546
0	0	5.62305	0	0	0	0	0	0	0.486637	0	0	5.62168	0	0	0	0	0	0.430465	0
0	2.47676	0	0.989577	0	0	0	0	0.00822741	0.341545	0	0	0	0	0	0	0	0	0.0414918	0
0	0	5.48027	0	0	0	0	0	0	0	0	0	0	0	0	0.0610521	0	0	0	0
0.677933	0	0	0	0	0	0	0	0	2.35468	0	0	0	0	0	0	0	0	5.62812	0
1.6857	3.10362	0.0988832	0	0.366393	0	0.17626	0	0	0	0.0875161	0	0	0.185185	0.402096	0	0.366326	0	0	5.38321
0	0	0	0.00178084	0	0	0	0	0	0	0	0	0	0	0	1.31856	0	0	0	0
33.9808	0	0	0	0	3.04792	0	0	0	0	0	5.07264	0	0	0	0	0	0	0	0
0	0	0	0	0	22.8812	0	0	0	0	0.289136	0	0	0	0	0	0	0	0	0
0	0	0	0	0	0	0.854869	0	0	0	0	0	0	0	3.83537	0	0	0	0	0
0	18.9581	0.00311817	0.259058	0	0.0167338	0	0.0333008	0.0839301	1.05023	0	0	0	0	0	0.0669816	0	0	0.0880563	0
0	0	0	0	0	0	30.3988	0	0	0	0	0	2.67073	0	0	0	0.906308	0	0	0
0	0	1.61346	0	0	0	0	0	0	0	0	0	0	4.66047	0	0	3.66918	0	0	0
0	0	0	0	0	2.01176	0	0	0	0	1.30188	19.0895	1.05367	0	0	0	0	0	0	0
0	0	0	0	7.09459	0	0	0	0	0	2.6673	0	0	0	0	0	1.70194	0	0	0
0	0	2.1336	0	0	0	0	0.981538	0	0	0	0	7.55247	0	0	0	0	0	0	0
0	0.171626	0	0	8.21529	0	0.00313905	0	0	0	0	0	0	0	0.02873	0	0	0	0	0
0	0	0	0	0	0.0441018	0	0	0	0	0	0	0	3.43691	0	0	0	1.15797	0	0
0	0	0.353621	0	0	0	0.348535	0	0.00518169	0	0	0	0	0	0.0607734	0	0	0	0	0
0	0	0	0	1.83636	0	3.23504	0	0	3.13244	0	0	0	0	0	0	0	0	1.49318	0
0	0	0	0	6.99752	0	0	0	0	0	0	0	0	0	0	0	0	0	0	0
0	0	0	0	0	1.66008	0	0	0	0	0	0	0	0	0	0	0.806028	0	0	0
0	0	1.16952	0	0	0	0	0	5.55497	0	0	0	0	0	1.7355	0	0	0	0	0
0	0	3.04588	0	0	0	0.109778	0	0	0	0	0	0	0	0	0	0	0	0	0
0	0	0	0	0.0312725	0	0	0	3.94624	0	0	0	0.0810236	0	0	0	0	0	0	0
0	0	0	0	0	1.1423	0	0	0	0	0	0	0.781911	0	0	1.66706	0	0	0	0
0	0	0	0	0	0	6.86258	0	0	0	2.37665	0	2.28269	0	0	0	0	0	0	0
0	0	0.56541	0	0	0	0	0	0	0	0	0	0	0	0	0.611305	0	0	0	11.5394
0	0	0	0	0	0	0	0	0	0	11.7627	0	0	0	2.44877	0	0	0	0	0
0	2.07968	0	0	0	0	0	0	0	0	0	0	28.9554	0	0	0	0	0	0	0
0	0	0	0	0	0	0	0	0	0	0	0	0	0	0	0	35.2357	0	1.39525	0
0	0.281933	0	0	0	0	0.283752	0	0	0	0	0	0	0	0	0.118368	0	0	0	0
0	0.0519911	0	0	0	0	0	0	0	0	0	0	0	0	7.06448	0	0	0	0.409224	0
0	0	0	0	0	0	0	0	0	0	2.64529	0	0	0	0	0	12.4023	0	0	0
0	0.441209	0	0	0	0	0	0	0	0	0	0	0.888883	0	0	0.106634	0	0	0	0
0	0	2.9927	0	0	0	0	0	0	0	0	0	0	0	0	0	0	0.00141996	0	0.0445048
32.7824	0	0	0	0	2.66143	0	0	0	0	0	0	0	0.893489	0	0	0.34607	0	0	0
0.245049	0	0	0	0	0	0	0	0	38.9584	0	0	0	0	0	0	0	0	0	0
0	0	0	0	0	0	0	0	0	0	15.7585	0	0.690106	0	0	0	0	0	0	0
0	0	0.30964	0	0	0	0	0	0	0	0.5098	0	0	0.376795	0	0	0.014776	4.77288	0	1.30497
0	0	0	0	0	0	0	0	0	0	0	24.5074	0	0	2.46328	0	1.53627	0	0	0
0.122371	0	0	0	1.04168	0	0.376315	0	0	0.48572	0.45791	0.844554	1.02537	0	0	0.98722	0	12.1138	0.240702	0.278095
0	0	0	0	23.3381	12.9284	0	0	3.96434	0	0	0	0	0	0	0	0	0	0	0
0	0	0	0	0	0.172387	0	0.779652	3.46921	0	0	0	0	0	0	0	0	0	0	0
0	7.51544	0	0.419153	0	0	0	0	0	0	0	0	0	0	0	0	0	0	0	0
0	0	0	0.155794	3.17604	0	0	0	0	0	0	0	0.0868382	0	0	0	0	0	0	0
0	0	0	0	0	0	0	0.212804	0.0780034	0	0	0	0	0	0	0	0	0.63468	0	0
1.56633	0	0	35.2409	0	0	0	0	0	0	0	0	0	0	0	0	0.463497	0	0	0
0	0	0	0	1.24112	0	0	0	0	0	0	3.00123	0	0	0	0	0	8.8608	0	0
0	0.22566	0	0	0	0	0	0	0	0	0	0	0	0	0.041479	0	0	0	0	0
0	0	0	0	0	0	0	0	0	0	0	0	0	0.103884	0	0	0	0	0	1.36534
0	0	0.0571814	0	0	0	0	0	0	12.9215	0	0	0	0	0	0	0	0	0	0
0	0	0	0	0	0	0	0	0	0.00524614	31.2029	0	0.0684844	5.33033	0	0	0	0	0	0
0	0.815415	0	0	0	0	0	0	0	4.06102	0	0	0	0	0	0	0	0	0	0
0	0	0	0	0	0	0	0	18.2954	0	0	5.60176	0	0	0	0	0	0	0	0
0	0	0	0	0	0	0	24.526	0	0	0	0	0	0	0	0	0	4.88616	0	0
0	0	0	0	0	1.18646	0	0	0	0	0	0	0.162826	0	0	0	20.2233	0	0	0
0	0	0	0	0	0	50.0328	0	0	0	0	0	4.94933	0	0	0	0	0	0	0
0	0	0	0	6.35811	0	0	0	0	5.92747	0	0	2.05229	0	0	0	0	0	0	0
0	0	0	0	0.0523726	0	0	0	0	0	1.66189	0	0.0927787	0	0	0	0	0	0	1.44485
1.39758	0	0	0	0.967226	0	0	0	10.1315	0	0	0	0	0	0	0	0	0	0.885538	0
2.79591	0	0.110003	0.12196	12.2055	0	0.134839	0	0	0	0.113901	0.0343363	0	0.0113339	0	0	0.108374	0	0.0195763	0.118355
0	0	0	0	0	0	0	1.37242	1.57704	0	0	0	0	0	0	0	0	0	0.160722	0
0	0	0.156058	0	0	0	0.00615397	25.4694	0.682681	0	0.0304378	0.0120573	0	0.06309	0.0398929	0	0.122774	0	0	0
0	0	0	0	1.54205	0	0	0	1.45574	0	0	19.5437	0	0	0	0	0	0	0	0
0	0	0	0	0	0	0	0	0	0	0.742034	0.263342	0	0	0	0	0	0	0	0.889121
0	0	0	0	0	0	0	0	0	0	51.3745	0	1.83381	0	0	0	0	0	0	0.723837
0	0	0	0	0	0	12.2898	0	0	0.705232	0	0	1.14678	0	0	0	0	0	0	0
0	0	0	0	0	0	0	0	0	0	0	0.125238	0	0	0	0	0	0	0.0258136	0
0.383388	0	0	0	0	0	0.538406	0	0	0	0	0.12582	0	0	13.0885	0	0	0	0	0
0	43.1459	0	0	0	0	0	0	0.302028	0	0	0	0	0	0	0	0	0	0	0
0	0	0.0153123	0.595527	0	0	0.0132449	0	0	0	0.0173558	0	0.807291	0	0.0076392	0	0	0	0	0
0	0	0	0	2.7397	0	0	0	0	0	0	0	1.47296	0	0	0	0	0	0	0
0	0	0.108257	0	0	0	0	0	0	0	0	0	0	0	0	3.40656	0	0	0	2.55847
0.0161099	5.93479	0	0.804175	0	0.740116	0	0.653065	0.520183	0	0	0.0236749	0	0.0237917	0	1.00506	0	0.534031	0.245511	0
0	0	10.6686	0	0	0	0.0838552	0	0	0	0	0	0	0	4.64303	0	0	0	0	0
0	0	0	0	0.971352	0	0	0	0	0	0.397027	1.68913	0	0	0	0	0	0	0	4.46228
0	0	0	0	0	0	0.133282	0	0	0	4.87808	0	0	0	0.00742359	0	0	0	0	0
0.0414232	0	0	0	0	0	0	0	0	1.20389	0	0	4.60454	0	0	0	0	0	0	0
0	0	0	0.725214	0	0	0	0	0	0	0	0	0	0.376848	0	0	0	0	0	0
0	0	0	0	0	0	0	0	0	0	6.4151	0	0	0	0	0	9.84277	0	0	0
0	0	0	0	0	0.265603	0	0.00359044	0	0	0	0.345402	0	0	0	0	0	0	0	0
0	0	0.0236088	0	5.58834	0	0	0	0	0	0	0	0	0.0101634	0	0	0.225778	0	0	0
0	0	0	0	0	0	0.116726	0	0	0	0.0446393	0	0.277318	0	0	0.0394278	0	0	0	0
0	0	0	0	0	0	0	0	0	0	0	0	0	42.5901	0	0	0	0	0	0
0	0	0	0	0	0	0	0	0	0	13.9869	28.8237	0	0	0	0	0	0	0	0.412977
0	0	0	4.66148	0	0	0	4.3922	0	0	0	0	0	0	0	0	0	0	0.0258092	0
0	14.3911	0	0.204151	0	0.0558647	0	0.0762468	0.0839254	0	0	0	0	0	0	0.0921143	0	0.0439325	0.0782618	0
0	1.00339	0	0	0	0	0	0	0	0	0	0	0	0	0	0	0	0	0	0.350863
0	0	0	0.725199	0	0	0	0	0	0	0	0.655567	0	8.40367	0	0	0	0	0	0
0	0	0	0	0	0	0	0	0	18.6822	0	0	19.3944	0	0	0	0	0	2.1308	0
0.0171882	0	0	0	0	0.540471	0.00323965	0.545442	0	0	0.000972536	0.00963706	0	0.00843459	0	0	0.017398	0	0	0
0	0	0	0	0	0	0	0	0	0.270217	0	0	0	0	0	3.06129	0	0.00412464	0	0
0	0	0.470713	0	6.07142	0	0.0421315	0	0	0	0.482578	0.0803956	0	0.294889	0	0	0.07659	0	0	0
0	0	1.13581	0.648981	0	0	0	0	0	0	0.0960265	0	0	0	0	0	0	0	0	0
0	0	0	0	0	0	0.0581335	0	0	0	0	0	0	0	0	0	0	6.68378	0	0
0	0	0	1.62085	0	0	0	0.289337	0	0	0	24.8937	0	0	0	0	0	0	0	0
0	0	0	0	0	0	0	0	0	0	2.42387	0	0	0	1.7198	0	0.121637	0	0	0
0.774955	0	0	0	0	0	13.9392	0	0	0	0	0	0.752811	0	0	0	0	0	0	0
0	0	0	0	1.84801	0	10.6566	0	0	8.31165	0	0	0	0	0	0	0	0	0	0
0	0	0	8.95091	0	1.0056	0	0	0	0	0	0	0	1.29034	0	0	0	0	0	0
0	0.29439	0	0	0	0	0	0	0	0	0	0	0	0	0	0	18.0647	0	0	0.0713021
0	0	0	0.230904	0	0	0	0	0	0	0	52.7503	0	0	0	0	0	0	10.3817	0
0	0	1.5254	0	1.21238	0	0	0	6.50974	0	0	0	0	0	0	0	0	0	0	0
9.99132	0	0	0	0	0	0	0	0	0	0	0	0	0	0	0	0	0	0	0
0	0	0	0	0	0	0	0.831882	1.45345	0	0	6.144	0	0	0	0	0	0	0	0
0	0	0	0	0	0	0	0	0	0	0	0	0	0	0	0	0	8.80686	0	0
0	0	0	3.54354	0	0	0	0	0	0	0	8.65684	0	0	0	0	0	0	0	0
0	0	0	0	0	0	0	0.991422	0	0	0	0.7558	0	0	0	0	3.36696	0	0	0
0.798068	0.751213	0	0	0	0	0	0	0	0.521239	0	0	13.5612	0	0	0	0	0	0	0
0	0	0	0	0	0	0	0	0	0	33.6224	0	0	0	0	0	0	0.557884	0	0
0	0	0	0	0	7.93516	0	0	0	0	0	0	0.521239	0	0	0	0	0	0	5.9253
0.107297	3.6732	0.0723129	0	0	0	0.118471	0	0	0	0.0594184	0.0255221	0	0.0586293	0.294944	0	0.0566929	0	0	1.605
0	0	3.93192	0	0	0.999191	0	0	0.35851	0	0	0	0	0	0	0	0	0	0	0
0	0	0	0	0	0	0	0	0	0	0	0	16.4414	0	1.06588	0	0	0	0	0
2.31616	0	0	0	0	0	0.317736	0	0	0	0	0	0	0	2.75459	0	4.00342	0	0	0
0	0	0	0	0	0	0	0	0	0	0.469691	0	0	0	0	0	0.284768	0	0	0
0	10.6871	0	0	0	0	0	0	0	22.9241	0	0	0	0	0	0	0	0	0	0
0	0	0	0	0	0	0	0	0	0	0	0	0.335437	0.061178	0	0	0	0	0	0
0	0.516976	0.867534	0	23.4004	0.16392	38.0157	0	0	0.430558	0.982989	0.707304	0	1.10698	2.28728	0.164278	0.806488	0.655575	0	2.20681
0	0	0	0	0	0	0	0	0	0	0	7.53521	0	0	0	0	0	0	18.4446	0
0	0	0	0	0	0	0	0	0	0	0.384401	0	0.0365178	0	0	0	0	0	0	0
0	0	0	0	0	0	0	0	0	0	1.06145	0	0	0.1915	2.1126	0	0	0	0	0
0	0	0	0	0	0	0.0792786	0	0	0	0	0	0	0	0.181178	0.0977969	0	0	0	0
0	0	15.0513	0	0	0	0	0	0	0	0.721781	0	0	0	0	0	0	0	0	0
0	0.0851999	0	0	0	0	0	0	0	2.5533	0	17.6131	0	0	0	0	0	0	0	0
0	0	0	0	0	0	0	0	0	0	0	11.488	0	0	0	0	0	0	0	6.52826
0	0	0	0	0	0.100133	0	0.0686275	0	0	0	0	0	0.807052	0	0	0	0	0	0.503669
0	0	0	0	3.39705	0	0	0	0	12.0872	0	0	0	0	0	0	0	0	0	0
0	0.475084	0	0	0	0	0	0	0	0.17768	0	0	3.62498	0.0772345	1.10869	0	0	0.0357268	0	0.651226
