0	0	0	0	0	0	0	0	0	0	0	0	0	0	0	0	0	0	0	0
0	0	0	-0.10355	0	0	0	0	0	0	0	0	0	0.490231	0	0	0	0	0	0
0	0	1.13749	0	1.54823	0	0	0	0	-0.476068	0	0	-0.989547	0	0	0	0	0	0	0
0	0	0	0	0	0	0	0	0.0864767	0	0	-0.637028	0	0	0	0	0	0	0	0
0	0	0	0	0	0	0	0	0	0	0	0	0	-4.64768	0	0	-1.11478	0	0	0
0	0	0	-2.056	0	0	0	0	0	0	0	-2.35588	0	0	0	0	0	0	0	0
0	0	-1.52631	0	0	0	0	0	0	0	0	0	0	-0.849556	0	0	-0.891637	0	0	0
0	0	0	0	0	0	0	0	-2.66667	0	0	0	0	0	0	0	0	-2.06701	0	0
0	0	-0.0720522	0	0	0	-2.7296	0	0	0	0	0	0	0	0	0	0	0	0	0
0	-1.71512	0	0	0	0	0	0	0	0	0	0	-3.25711	0	1.41159	0	0	0	0	0
-3.47229	0	0	0	0.773968	0	0	0	0	0	0	0	0	0	0	0	0	0	0	0
1.69488	-0.00907527	0	0	0	0	0	0	0	0	0	2.7618	0	0	0	0	0	0	0	0
0	0	0	0	0	0	0	0	0	0	-1.09257	-0.504234	0	0	0	0	0	4.35354	0	0
0	0.0485747	-1.21103	0	0	0	0	0	0	0	0	0	0	-0.903803	0	0	0	0	0	0
0	0	0.114731	-0.0576923	3.2374	0	0	0	0	0	0	0	0	0	0	0	0	0	0	0
0	0	0	0	2.10576	0	0	0	0	0	0	0	0	0	0	0	0	0	-1.70739	0
0	0	0	0	1.70475	0	0	0	0	0	0	0	0	0	0	0	0	0	0	0
0	0	0	0	0	0	0	0	0	0	0	3.70249	0	0	0	0	0	0	0	0
0.692109	0	0	0	-2.50853	0	0	0	0	0	0	0	2.44875	0	0	0	0	0	0	0
0	0	0	-0.0533471	0	2.25083	0	0	0	0	0	0	0	0	0	0	0	0	0	0.433757
0	0	0	0	0	0	0.327863	0	0	0	0	0	0.0402768	0	0	0	0	0	0	0
-0.0245484	0.00400971	0	0.0545972	2.05527	0	0	0.0198138	0	0	2.86485	0	0	0	-0.00381689	0	0.0130041	0	0.0234648	-0.072371
0	0	-1.47652	0	0	0	0	0	0	0	0	0	0	0	0.734364	0	-0.711897	0	0	0
0	0	0	0	0	0.775484	0	0	0	0.412171	0	0	0	0	0	0	0	0	0	0
0	0	0	0	0.14701	0	0	0	-0.406995	-0.00443007	0	0	0	0	0	0	0	0	0	0
-1.3824	0	0	0	0	0	1.12092	0	0	0	0	-3.09606	0	0	0	0	0	0	0	0
0.0358383	0	0	0	-6.50324	1.46293	-0.0116332	-0.0675408	0	0	0	0.0154568	0	0	0.0247534	0	-0.0243708	0	-0.00297795	0
0	0	0	0	0	0.104847	0	-0.0086534	-0.108406	0	-4.80877	0.0300019	0	0	0	0.160135	0	-0.13982	-0.00212503	0
0	0	0	0	0	0	0	0	0	0	0	0	0	0	3.03589	0	0	1.06212	0	1.879
0	0	0	0	0	0	0	0	0	0	0	0	0.252157	-0.190575	0.695725	0	0	0	0	0
4.12512	-0.545894	0	0	0	0	0	0	0	0	0	0	0	0	0	0	0	0	0	0
0.0547576	-0.00157714	-0.00503071	-0.0763264	0.000874296	0.325477	0	-0.256264	-0.216726	-0.0176329	0	0.147183	0	-4.82612	0	0.0831537	-0.170134	-0.25599	-0.106389	0
0	0	0	0	0	-0.287507	0	0	0	0	0.871057	0	-0.0758849	0	0	0	0	0	0	0
1.28414	0	0	0	0	1.03406	0	0	0	0	0	0	0	0	0	0	-0.694632	0	0	0
0	0	-0.903281	0	0	0	0	0	0	0	0	0	0	0	0	0	0	0	0	0.357189
0	0	-5.16808	0	0	0	0	0	0	0	0	0	0	0	0	0	0	0	0	0
0	0.411378	0	0	0	0	0.154972	0	0	0	0	0	0	0	0	0.369035	0	0	0	0
0	0	0	0	1.73124	0	0.447744	0	0	0	0	0	0	0	0	0	0	0	0	0
0	0	0	0	0	-1.9138	0	0	0	-0.2028	0	0	-1.22946	0	0	-0.801949	0	0	0	0
0	0	0	1.44088	0	0	0	0	2.87706	0	0	0	0	-0.832348	0	0	0	0	0	0
0	0	0	0	0	-0.46035	0	0	0.677009	0	0	0	0	0	0	-0.308371	0	0	0	1.66075
0	0	0	0	0	-0.374422	0	0	0	0	0	0	-0.970414	0	0	-0.203622	0	0	0	0
0	0	0	0	-5.95458	-5.6043	0	0	0	0	0	0	0	0	0	0	0	0	0	0
0	0	0.0343419	-0.123735	0	0.0338543	0	-0.0752896	-0.0238762	0	0	0	0	4.81601	0	0.000190005	0	0	-0.00552718	0.721253
0	0	0	0	0	-0.889874	0	0	0	0	0	0	0	0	0	-3.3076	0	0	0	0
0	0	0	0	0	0	-0.593819	0	0	0	0	0	0	0	0	-0.331548	0	0	0	0
0	-2.18173	0	0	0	0	0	0	0	0	0	0	-0.392569	0.383155	0	0	0	0	0	0
0	0	0	0	0	4.02369	0	0	0	0	0	0	0	0	0	0.464829	0	0	0	-0.385004
0	0	0	0	0	0	-0.123033	0	0	0	0	0	0	0	0	0	0	0	0	0
0	-1.60246	0	0	0	-0.0894461	0	0.00931901	0	0	0	0	-0.372614	0.0378226	0	-0.00891509	0	0.0143239	0	0
-0.00230963	0	0	0	0	0.268689	0	0.0415884	-0.0308861	0	3.83029	0.367746	0	-0.974161	0	0.23419	-0.279512	-0.460889	0	0
0	0	0	0	0	0.0664625	0	0	0	0	0	1.44613	0	0	0	0	0	0	-1.59026	0
0	0.611333	0	0	0	0	0	0	-2.59443	0	0	0	0	0	-0.221256	0.613256	0	0	0	0
0	0	-0.522962	0	-0.593713	0	0	0	0	0	0	0	0.333189	0	0	0	0	0	0	0
0	0	0	0	0	0	0	0	0	0	-3.80935	0	0	0	0	0	0	0	0	1.71078
0	0	0	0	0	0	0	0	0	0	0	3.99639	0	0	0	0	0	-3.06343	0	-2.68277
0	0	0	0	0	0	0	0	0	0	5.38208	0	-0.730531	0	0	0	0	0	0	-0.116763
0	0	0	0	0	1.94922	0	-5.08982	0	0	0	0	0	0	0	2.16707	0	0	0	0
0	-2.70134	0	-0.0951225	0	0	0	0	0	0	-0.259817	0	0	0	0	0	0	0	0	0
0	0	0	0	0	0	0	0	1.90459	0	0	0	0.60883	0	0	0	0	0	0	0
0	0	6.87789	0	-0.174451	-0.0346233	0	0	0.0722152	0	-0.735892	-0.0697102	0	0.103224	0	-0.0500558	0.0016569	0.150795	0	0.18403
0.0847712	0	-1.54263	0.00729517	0	0.00851708	-0.425351	-0.00540118	0.00150963	0	0.13713	0.079403	0	-0.0980407	3.70844	-0.00145471	-0.120908	-0.0335454	-0.00593538	-0.000538283
-0.100915	0.0362697	0	0.0153679	-0.00429689	0.0627934	0.202007	0	0	0.0221931	-3.26347	-4.14347	0.0503746	0.0211165	-0.145119	0.106477	3.40764	-0.0291104	0.0308269	-0.0177587
0	0	0	0	0	0	0	0	0	0	0	0	0	-1.72362	0	0	0	-0.798266	0	-0.141744
0.0106858	0	1.02982	-0.0623721	0	0.0461579	0	-0.070938	-0.0474729	-3.38721	0	-0.00112726	0	0.00902286	0	0.07118	0.0071222	-0.00324771	-0.122978	0
0	0	0	0	-3.65301	0	-0.0486031	0	0	0	0	0.00796196	0	0	0.0406473	-0.642209	-0.025748	2.57478	0	0
0	0	0	0	0	0	0	0	-0.135396	0	0	0	0	0	-0.359827	0	0	0	0	-0.261037
-0.0985296	0	0.00414945	0.000865555	0	-0.160067	0.0411084	0.132856	0.00420588	0	-0.00604753	-0.0903906	-3.48432	0.250773	-0.0187598	-0.0228145	0.222902	0.0441101	0.0117539	0
0	0	-3.53547	0	0	0	0	0	0	0	2.44033	0	0	0	0	0	0	0	0	0
0	0	0	0	2.6701	0	-1.62867	0	0	0	1.58165	0	0	0	0	0	0	0	0	0
0	3.61559	0	0	0	0	0	0	-1.20941	0	0	0	0	0	0	0	0	0	0	0
0	0	0	0	0	0	0	0	0	0	1.6414	0	-0.786011	0	0	0	0	0	0	-0.230397
0	0	2.42697	0	0.29201	0	0.133564	0	0	-0.204415	-0.243169	-0.00103342	-0.693512	0	-1.58595	0	0	0	0.000521502	-0.521462
0	0	0	-1.06044	0	4.88983	0	-0.728385	0	0	0	0	0	0	0	0	0	0	0	0
0	0	0	0	1.72079	0	-2.38172	0	0	0	0	0	-0.417464	0	0	0	0	0	0	0
0	0	0	0	0	0	0	0	0	0	6.67898	0	-3.89715	0	0	0	0	0	0	0
0	0	-0.255805	0	0	4.81099	0	0	0	0	0	0	0	-0.518396	0	0	-0.793109	0	0	0
0	0	0	0	0	0	0	0	0	0	0	0	0	0	0.554973	0	0	0.204553	0	0
0	0	0	-0.0133872	0	0	0	-0.0084297	0	-0.0604215	0	2.66795	-1.80686	0.0603777	0	0	0	0	-0.039635	0
-0.128077	-0.00223227	0	0.0354039	-0.0297838	0	0.0299408	0.137637	0.0876014	0.0733707	0	-0.338129	0.0134494	5.06667	0.000267513	0	0.509289	0.000381197	0.145027	0
0	0	0	0	-0.967316	0	0	0	0	0	-0.21098	0	0.00189079	0	0	0	0	0	0	0
0	0	0	0	0	2.80668	0	0	0	0	0	0	0	-4.15944	0	0	-1.17412	-2.10709	0	0
0	0	0	0	0	0	0	0	0	0	0	0	0	5.45045	0	0	0	0	0	0
-0.743046	0.644383	0	1.48471	0	0	0	0	0	3.8887	0	0	0	0	0	0	0	0	0	0
-0.249599	0.0554862	0	0.0109034	-5.10929	-0.0675327	0.090239	3.34767	0.0830143	0.0545248	0	0	0.464461	0	-0.10654	-0.00496062	0	0.0274226	0.551357	0.0495865
0	-1.6772	0	0	0	-0.37123	0	0	0	-1.44244	0	0	0	0	0	0	0	0	0	0
0	0	0	0	0	0	0.754359	0	0	0	-0.829497	0	1.00081	0	0	0	0	0	0	0
-0.00811433	0.00480013	0	0.015474	0	-1.9187	0	0.0809509	0	0	0	0	0	3.78049	0	0	0.0306098	0	0	0
0	0	0	-0.931544	0	0	0	0	0	0	-0.184695	0	0	0	0	0	0	0	0	0
0	-0.520454	0	-1.67365	0	-0.0695576	0	0.00225476	0	0	0	0	0	0	0	-0.0871137	0	0.0298108	0	0
0	0	0	0	0	0	-2.50702	0	0	0	0	2.56243	0	0	0	0	0	0	0	0
0	0	0	0	0	0	-2.38124	0	0	0	1.89962	0	0	0	0	0	0	0	0	0
0	0	0	0	0	0	0	0	0	0	0	2.23441	0	0	0	0	-0.825546	0	-3.88637	0
0	0	0	0	0	0	0	0	0	0	-0.320438	0	0	0	0	3.62078	0	0	0	0
0	0	1.89962	0	0	0	0	0	0	-1.15261	0	0	0	0.290296	0	0	0	0	0	0
0	0	5.99844	0	0	0	1.04519	0	0	0	0	0	0	0	0	0	0	0	0	0
0.236835	0	0	0	0	0	0	0	0	-1.46329	0	0	0	0	0	0	0	0	0	0
0	0	4.28515	0	0	0	0	0	0	0	0	0	0	0	0	0	0	0.741055	0	0.20075
0	-2.84424	0	-0.459077	0	0	0	0	0	0	0	0	0	0	0	0	0	0	0	0.672978
0	0	0	0	0	0.248633	0	-0.415914	-0.0301607	0	-4.23039	0.0316105	0	-0.00651543	0	0.129098	-0.879572	-0.037705	-0.0015688	0
0	0	0	0	0	0	0	0	0	0	0	0	0	0	0	0	0	0	0	0
0	0	0.0268801	0	1.60605	-4.26913	0	0	0	0	-0.00602914	0	0	0.0419013	0	0	0.0104106	0	0	0
-0.00616834	3.07201	0	0	0.0232501	0.0312751	0	-0.0201622	-0.109844	0	0	0.0100456	0	0	0	0.0479734	0	-0.0853787	-0.0757497	-0.0366713
0	0	0	0	-0.579203	0	0	0	0	0	-1.15246	0	0.360251	0	0	0	0	0	0	0
0	0	2.9021	0	0	0	0	0	0	0	-0.507001	0	0	0	0	0.401085	0	0	0	0
0	0	2.23299	0.0800587	0	0	0	0	0	0	0	0	0	0	0	0	0	0	0	-0.340327
0	0	0	0	0	0	0	0	0.132621	0	0	0	0	-1.24164	0	0	0	0	0	0.947335
0	0	0	0	0	0	0	0	0	0	0	-0.886432	0	0	0	0	0	1.05252	0	0.844451
5.6821	0	0	0	0	0.320283	0	-0.142428	-1.21428	0	0	0	0	0	0	0.225044	0	-1.87706	0	0
0	0	0	0	-5.14729	-1.98891	0	0	0	0	0	0	0	0	0	-1.23258	0	0.0750348	0	0
0	0	-1.78636	0	0	0	0	0	0	0	0	0	0	0	0	0	-1.08941	0	0	0
0	0	0	0	-0.0244423	0	0	0	0	0	0	-0.00449501	0.0151721	0	0	0	-6.48121	0	0	0.0108527
0	0	0	0	0	-0.0324429	0	0	0	0	0	0	0	0	0	0	0	0	0	-0.924624
0	0	-3.50755	-0.869297	0	0	0	0	0	0	0	0	0	0	0	0	0	0	0	0
0	0	0	0	0	0	0	4.61159	0	0	0	0	0	0	0	0	6.28802	0	0	0
0	0	0	0	0	0	0	0	0	0	0	3.67424	0	0	0	0	0	0	-2.42186	0
0	0	0	0	0.0501365	-0.139714	0	0.103396	2.69016	0	0.229207	-5.86584	-0.0485551	0.00145329	0	-0.0469651	0.123126	0	0	-0.0199214
0	0	0	0	0	0	0	1.42911	0	0	0	-2.42042	0	0	0	0	0	0	0.371035	0
0	0	0	0	0	-0.83524	0	0.278416	1.07765	0	0	0	0	0	0	0	4.63388	0	0	0
0	0	0	0	2.97537	0	0	0	0	0	2.80674	0	0	0	0	0	0	0	0	0
0	0	0	0	0	0	0	0	0	0	1.17023	0	-1.99853	0	0	0	0	0	0	0
0	0	0	0	0	0.273136	0	0	0	0	0	0	0	0	0	0	0	0	0	0.482714
0	0	0	0	0	0	0	0	0	0	0	0	0	-3.35672	-0.867775	0	0	-0.933323	0	0
0	0	0	0	0	-1.33577	0	0	0	0	0	0	0	0	0	0	0	0	0	0
0	0	0	0	-4.44101	0	0	0	0	0	0	0	0	0	0.262107	0	0	0	0	0
0	0	0	0	0	0	0	0	-4.92712	0	0	0	0	0	0	0	0	-3.6856	0	0
0	0	0	0	-1.18151	0	0	0	1.68359	0	0	0	0	0	0	0	0	0	0	0
0	0	0	0	0	-0.00371135	0	0.872051	0	0	0	0	0	0.15748	0	0	0	0	0	0
0	0	5.17212	0	0	0	2.22846	0	0	0	0	0	0	0	-1.88179	0	0	0	0	0
0	0	0	0	0	0	-0.534067	0	0	0	1.64873	0	-0.889872	0	0	-0.576166	0	0	0	0
0	0	0.387719	-0.0154091	-0.00294406	0.118928	0	-0.0583641	-0.0448713	-0.0242275	-1.08581	0.00226295	0.0019526	4.83673	0	0.0780012	0	0.00259151	-0.027229	0
-9.2463	0	0	0	0	0	0	0	0	0	0	-0.181881	0.598179	0	0	0	0	0	0	4.85432
0	0	0	0	0	0	0	0	0	0	0	0	0	-0.209123	-1.15901	0	0	-0.199746	0	0
0	0	-4.55864	0	0	0	0	0	0	0	0	0	0	0	4.31285	0	0	0	0	0
0	0	0	0	0	2.2007	0	-0.890215	0	0	0	1.89263	0	0	0	0	-1.74703	0	0	0
0	0	0	0	0	0.827659	0	0	0	0	0	0	0	-1.81037	0	0	-0.992308	0	0	0
0	4.04648	0	0	0	0	0	0	-0.370995	0	0	0	0	0	-1.87206	0	0	0	0	0
0	0	-1.11955	0.155654	0	0	0	0	0	0.983225	0	0	0	0	0	0	0	0	0	0
0	0.78435	0	0	0	0	0	0	0	0	0	0	0	0	0	0	0	-0.508178	0	0
0	0	0	0	0	0	-2.90927	0	0	0	0	0	0	1.07831	0	0	0	0.354979	0	0
0	0	0	0	2.35674	2.1804	0	0	0	0	0	0	0	0	0	0	0	-0.740157	0	0
1.44925	0	0	0	0	0	0	0	0	-1.65115	0	0	0	0	0.0435595	0	0	0	0	0
0	0	0	0	0	0	0	0	0	0	-0.0823619	-0.13076	0	0	0	0	0	0	0	0.320804
0	0.697471	0	0	0	0.374501	0	0	0	0	0	0	0	0	0	0	0	-0.302444	0	0
0	0	0	0	1.02159	0	0	0	0	0	2.73204	0	0	0	0	0	0	-0.369309	0	0
0	0	0	-1.02575	0	0	0	0	0	0	0	4.38096	0	0	0	0	0	0	0	0
0	0	0	0	1.71271	0	0	0	0	0	4.11972	0	0	0	0	0	0	0	0	0
0	0	0	0	0	0	0	0	0	0	0	-0.428123	0	0.715195	0	0	0	0	0	1.42218
0	0	0.476214	0	0	0	0	0	0	0	-0.369274	0	0	0	0	0.0393733	0	0	0	0
0	0	3.57115	0	0	0	1.10982	0	-0.0516063	0	0	0	0	0	-0.00878718	0.394377	0	-0.110534	0	0
0	0	0.145059	-0.00193251	0	7.18923	0	0	-0.944674	0	-0.0567414	0.00092804	0	0.217394	0	0.00226666	-0.00169006	0.017856	0	0
0	-6.64592	0	-0.564564	-0.0637867	0	0	0	0	0.0771997	0	0	0.214943	0	0	0	0	0	0	0.0982451
-0.00026357	0	0	0.00304444	0	-0.0327386	0	0.0300028	0.0037343	0	4.74053	-0.0101126	-0.685931	0.103776	0	-0.0131564	0.0510902	0.000344132	0.00078249	0
0	0	0	0	0	0	0	0	0	0	1.82046	0	0	0	0	0	0	-0.975613	0	0
0	0	2.09138	0	0	0	0	0	0	0	0	0	0	1.40245	-2.52141	0	0	0	0	0
0	0	0	0.309961	0	0	0	0	0	0	0	0	0	0	0	0	0	0	0	-0.0920982
0	0	-0.611767	0	0	0	-3.13918	0	0	0	0	0	0.690616	0	0	0	0	0	0	0
0.0221944	-0.103035	0	-0.0597199	0	-3.77766	0	-0.0424799	1.6612	-0.00308143	0	0	0	0	0.0756649	-0.214267	0	0.123044	-0.000908627	0.0981392
0	-0.0137538	0	0	0	-5.66795	0	0	0	0	0	0	0	0	0.421082	0	0	0	0	0.480031
-1.06805	0	0	0	0	0	0	0	0	0	0	0	0	0	0	0	2.66251	0	0.623386	0
0	0	0.0412808	-0.241695	2.4205	0.0150397	0	-0.183018	-0.0715557	0	-0.00743398	0	0	3.84219	0	0.00162424	0	0	-0.693646	0
0	0	0.556618	0	0	0	1.97089	0	-0.732438	0	0	0	0	0	-0.735044	0	0	0	0	0
0	0	0	0	0.00179976	0	0	0	0	0	0	0	0	0	0	0	0	0	-0.12815	0
0.120953	0	0	0	0	0	0	-1.39816	-1.64291	0	0	0.289235	0	0	0	0	0	0	0	0
0	0	0	0	2.47438	0.423413	0	0	0	0	0	0	0	0	0	0	0	-0.488258	0	0
0	0	0	0	0	0	0	0	-0.495913	0	0	0.153874	0	-4.02306	0	0	0	0	0	0
0	0	0	0	0	0	0	0.772394	0	0	0	0	-1.80382	0	0	0	0	0	0	0
0	0	0	0	0	0	0	0	0	-0.376743	0	0	-1.03345	0	0	0	0	0	0	0
0	-2.28611	0	0	0	0	0	0	0	0	0	0	0	0	0	0	0	0	0	0
0	-2.5115	0	0	0	0	-1.1606	0	0	0	0	0	0	0	0.475759	-0.338047	0	0	0	0
0.262091	-0.355157	-0.00625281	-0.172541	0	0	-2.65043	-0.0441342	-0.0105632	-0.0662822	0.0334895	0	0	0	1.89289	0	0	0	-0.0977015	0
0	0	0	0	0	-4.65189	0	0	0	0	0	0	0	0	0	0	0	0	0	0
0	0	0	0	0	0	0	0	0	-3.62205	0	0	0	0	0	0	0	0	-2.11051	0
0	0	0	0	0	3.87899	0	0	0	0	0	0	0	-2.70621	0	0	0	0	0	0.117221
0	0	-0.708183	0	0	0	0	0	0.826243	0	1.29619	0	0	0	0	0	0	0	0	0
0	0	0	-1.0836	0	0	0	0	0	0	-1.13796	0	0	0	0	0	0	0	0	0
0	0	1.98037	0	0	0	0	0	0	0	0	0	0	0	0	0	0	0	0	-0.166417
0	0	0	-5.28308	0	0	0	0	0	0	0	0	0	0	0	0	-0.998656	0	0	0
0	1.98428	0	0	0	0	0	0	0	0	0	0	-0.0284607	0	0	0	0	0	0	0
0	-5.23453	0	1.37337	0	0	0	0	0	0	0	0	-0.796801	0	0	0	0	0	0	0
0	0	0	0	0	0	0	0	0	0	3.71566	1.72793	0	0	0	0	0	-0.345274	0	-1.50857
0	0	0.950176	-0.220987	0	0	0	0	-2.40719	0	0	0	0	0	0	0	0	0	0	0
0	0	0	0	1.30804	-1.02492	0	0	0	0	0	0	0	0	0	0	0.36601	0	0	0
0	0	0	0	0	0	0	0	0	0	2.87819	0.434977	0	0	0	0	0	0	0	-1.75137
0	0	0	0	0	0	0	0	0	-6.08114	0	0	-1.91283	0	1.40624	0	0	0	0	0
0	-3.85829	0	0	0	0	0	0	0.277775	0	0	0	0	0	0	0	0	0.884256	0	0
-1.92277	0	0	0	0	0	0	0	0	0.966569	0	-4.44231	0	0	0	0	0	0	1.56694	0
0	-0.57231	0	0	0	-1.65552	0	0	0	0	0	0	0	0	0	0	0	0	0	0
0	0.872354	-0.264678	0	0	0	0	0	0	0	0	0	0	-0.0397276	0	0	0	0	0	0
0	0	0	0	0	0	0	0	1.71965	0	0	-0.98461	0	0	0	0	0	0	1.94253	0
0	0	0	0	0	0	-1.44568	0	0	0	2.13156	0	-1.67986	0	0	0	0	0	0	0
0	-0.624577	0	0	0	0	0	0	0	0	0	0	0	0	0	-2.45058	0	1.23633	0	0
0	0	0	0	0	0	0	0	0	0	0	0	0.261462	0	0	0	0	0	0	0
0	0	0	0	0	0	0	0	0	0	0	0	0	0	0	0	-0.473949	0	0	0.886595
0.245896	0	0	-1.02123	0	0.421526	0	-0.653171	0.252372	0	0	-0.104863	0.0567807	-0.165611	1.90848	0.321514	-0.392777	0.167751	0.104021	0
0	0	0	0	0	0	0	0	2.01845	0	0	-1.67836	0	0	0	0	0	0	1.46131	0
0	-0.370838	0	0	0	0	0	0	0	0	0	0	4.03431	0	0.785957	0	0	0	0	0
0	0	0	0	0	0	0	0	0	0	0	0	0.185072	-0.279211	0	0	0	0	0	0.240345
1.81917	0	-0.0182954	0	0	0	0	-1.9012	0	0.049204	0	0	0	-0.00692764	0	0	-0.0742283	0	0	0
0.70345	0	0	-2.04779	0	0	0	0	0	0	0	0	0	-1.01329	0	0	-2.73503	0	0	0
0	0	0	0	0.428968	0	0	0	0	0	0	0	0	0	0	0	0	-0.85873	0	0
0	0	0	0	0	0	0	0	0.211121	0	0	0	0	0	0	-1.31479	0	0.618685	0	0
0	0	0	0	0	0	5.10949	0	0	0	-6.53214	0	1.85927	0	0	0	0	0	0	0
-2.38426	0	0	3.41365	0	0	0	2.52885	0	0	0	0	0	0	0	0	0	0	0	0
0	-0.756944	0	0	0	0	0	0	0	0	0	-2.6422	0	0	0.590832	0	0	0.0591006	0	0
0	0	0	0	0	-4.59089	0	0	0	-0.755879	0	0	0	0	0	0	0	0	0	0
0	0	0	0	-0.0861757	0.06694	0	0	0	0	-0.0183231	0	0.140967	0	0	1.62692	0	0	0	0.184649
0	0	-0.279059	0	0	0	0	0	0.303538	0.00556954	0	0	0	0	0	-2.22432	0	0	0	0
0	0	0.665199	0	0	0	0	0	0	0	-0.465938	0	0	0	0	0	0.96734	0	0	0
0.601742	-1.07331	0	0	0	0	-1.04922	0	0	0	0	0	0	0	2.17358	0	0	0	0	0
0	0	0	1.85969	0	0	0	3.19522	0	0	0	0	0	0	0	0	0	0	0	0
0	0	0	-0.490849	0	0	0	0	0	0	0	0	0	0	0	4.02229	0	0	0	0
6.53381	0	0	0	-0.629974	0	0	0	0	0	0	0	0	0	0.444696	0	0	0	0	0.108591
0	0	0	0	0	3.24565	0	0	0	0	0	0	0	-1.6086	0	0	0	0	0	0
0	0	0	0	0	0	2.85624	0	0	0	-2.20013	0	0.984038	0	0	0	0	0	0	0
0	0	0.0656348	-0.0830649	-0.0383193	0.0172924	0	-0.0682286	-0.00191883	0	-0.170207	-2.03073	0.247921	5.03891	0	0.00690811	0	0	-0.0421066	0.0176708
-0.936025	0	0	0	0	0	0	0	0	0	0	-1.29861	0	0	0	0	0	0	0	0
0	0	0	0	0	0	0	0	0	0	0	0	0	0	0	-1.36089	0	4.14753	0	0
-1.38225	0	0	0	-5.72468	0	0	3.05176	0	0	0	0	0	0	0	0	0	0	0	0
0	0	-1.71832	0	-0.805845	0	0	0	0	0	0	0	0.592332	0	0	0	0	0	0	0
0	0	0	0	0	0	0	0	0	0	0	0	0	0	-2.15183	0	-8.65357	0	0	0
0	0	-3.68458	0	0	0	0	0	0	0	0	0	0	-0.417416	0	0	0	0	0	0
0	0	0	0	0	0	2.28777	0	0	0	0	0	0	0	-1.96923	0	0	0	0	0
0	0	0	0	0	0	3.85446	0	0	0	-1.97572	0	0	0	0	0	0	0	0	0
0	0	0	0	0	0	0	0	2.69594	0	0	0	0	0	0	-1.24983	0	4.5561	0	0
0	0	0	-0.308869	0	0.579812	0	0	0	0	0	0	0	0	0	0	0	0	0	0
0	0	0	0	0	-9.62765	0	0	0	0	0	0	0	0	0.0446836	-0.039025	0	0	0	0
-7.93448	0	0	0	-3.60195	0	0	0	0	0	0	0	0	0	0	0	0	0	0	0
-1.31265	0	0	0	0	0	0.482685	0	0	0.561626	0	0	1.71899	0	0	0	0	0	0	0
0	0	0	0	-0.0871274	0	1.87373	0	0	0.710514	0	-2.47123	0.0996015	-0.211038	0	0	0	0	0	0
0	0	0	0	0	0	-4.41797	0	0	0	0	0	-2.55571	0	0	0	0	0	0	0
0	-1.6285	0	0	0	0	0	0	0	0	0	-5.09293	0	0	0.403952	0	0	0	0	0
0	0	-9.63013e-05	0	-0.99045	0	0	0	0	0	0	0	0	-1.46436	0	0	0	0	0	0
-0.942891	0	0	0	0	0	0	0	0	1.4535	0	-5.75177	0	0	0	0	0	0	1.25009	0
-0.00258455	0	0.105991	0	0	-0.0149763	0.053229	0	0	0	-1.07404	0	0	0.0964786	-0.0799785	4.06073	0.134699	0	0	-0.0308627
0	0	0	4.54588	0	0	0	0	0	0	0	0	0	0	0.871924	-1.1576	0	0	0	0
0	0	0.0687127	0	3.1032	0	0.509006	0	0	0	-0.0780196	0	0	0	0	0	0	0	0	0
2.04426	-2.19077	0	0	0	0	0	0	0	0	0	0	-1.22977	0	0	0	0	0	0	0
2.04961	0	0	0	0	0	0	0	0	0	0	5.57378	-2.93876	0	0	0	0	0	0	0
0	0	2.0905	0	0	0	0	0	0	0	-0.443522	-3.3484	0	0	0	0	0	0	0	0
0	0	0	0	0	0	0	0	0.220948	0	0.12937	-7.56288	0	0	0	0	0	0	0.770503	0
0	0	0	0	0	0	0	0	0	0	-3.07401	0	0	0.853943	0	0	0	0	0	0
0	0	0	0	0.166515	0	0	0	0	-1.9975	0	0	-0.93906	0	0	0	0	0	0	0
0	0.944885	0	0	0	0	0	0	0	0	0	0	0	0	0	1.4715	0	0	0	0
0.988161	-1.19104	0	0	0	0	0	0	0	0	0	0	0	0	0	0	-3.53123	0	0	0
0	0	0	0	0	0	0	0	0	0.243686	0	0	0	-0.0828004	0	0	0	0	0	0
0	0	0	0	0	0	0	0	0	0	-1.08558	0	0	0.328693	0	0	0	0	0	1.61721
0	0	0	0	0	1.22266	0	0	0	0	0	0	0.496939	0	0	0	0	0	0	0
0	0	0	0	-1.13932	0	0	0	0	0	-4.35907	0	0	0	0	0	0	0	0	0.204934
0	0	0	0	0	0	3.2523	0	0	0	0	0	0	0	0	0	2.56744	0	0	0
-1.14037	1.03988	0.00161349	3.27854	0	0	0.389077	0	-0.0188097	0	0	0	0	0	-0.229648	-0.0111529	0	-0.0301081	0	-0.0106843
0	0	0	0	0	0.0390426	0	0	0	1.88458	0	0	0	-1.31276	0	0	0	0	0	0
0	0	2.11744	0	0	0	0	0	0	0	0	0	0	0	-1.3322	0	1.61435	0	0	0
-0.0385472	0.213893	0	0	-0.0907004	2.86442	0.0404671	-0.00333213	0	0.500607	0	0.0221398	0.351917	0	-0.0137031	1.77268	0	0	0.192827	0
0	0	0	0	0	0	0	0	0	1.54449	0.503178	0	0	0	0	0	0	0	0	0
0	0	0	0	0	0	0	0	0	0	-0.875602	0	0.496595	0	0	0.559529	0	0	0	2.40479
0	0	-6.81316	0	0	0	0	0	0	0	0	0	0	0	0	0	0	0	0	0
0	0	0	2.56418	0	0	0	1.77535	0	0	0	-7.64706	0	0	0	0	0	0	0.838508	0
0	0	0	0	0	0	0	-0.838196	0	0	0	3.5349	0	0	0	0	0	0	-4.06782	0
0	0	0	0	0	0	0	0	0	0	0	0	0	0	-1.5297	0	0	0	0	-2.70071
0	0	0	2.17637	0	0	0	0	0	0	0	0	-0.453931	0	0	0	0	0	0	0
0	0	0.753066	0	0	0	0	0	0	0	0	-0.636993	0	0.600472	0	0	0	0	0	0
0	-0.0605781	0	0	-3.88923	0	-0.0132231	0	0	-0.035158	0	0	-0.276705	0	0.0551237	-0.249613	0	0.0368228	0	0.113999
0	0	0	0	3.17094	0	0	0	0	0	0	0	0	0	0	0	0	0	0	-2.55826
2.09001	-0.0446565	0	0	0	0	0	0	0	0	0	4.65269	0	0	0	0	0	0	-2.83627	0
0.192801	0	0	-0.0191806	0	0.074291	-2.43372	-0.0785784	0.00660531	0	0	0.109527	0	-0.0638409	2.70963	0.0333651	-0.280383	-0.0216032	-0.00360184	0
0	0	0	0	0	0.125521	0	0.00451609	-0.0112753	0	0	0.00133098	0	-0.0679365	0	0.15535	-0.000310946	-0.126782	0	0
1.51684	0	0	0	-0.206478	0	0	0	0	0	0	0	0	0	0.258591	0	0	0	0	0.131465
0	-0.172856	0	0	0	0	0	0	0	0	0	0	0	0	0.0048347	-0.69928	0	0	0	1.4405
0	3.62026	0	0	0	0.0184801	0	0	0	0	0	0	0	-0.302977	0	0	0	0	0	0
0	0	0	0	0	0	-0.978466	0	0.713547	0	0	0	0	0	0	0	0	0	0	0
0	0	0	0	0	0	0	0	0	0	-6.08068	0	3.34349	0	0	0	0	0	0	1.6964
0	0	0	1.22817	0	0	0	0	0	0	0	2.60783	0	0	0	0	0	0	0	-1.10214
0	0	0.201302	-5.18259	0	0	0	0	0	0	0	0	0	0	0	0	1.51498	0	0	0
0	0	0	0	0	0	0	0	0	0	0	0	0	0	0	0	-7.16696	0	0	0
0	0	2.85734	0	0	0	0.145352	0	0	0	-0.49189	0	0	0	0	0.899657	0	0	0	0
0	0	0	0.835378	0	0	0	0	0	0	0	0	-0.190738	0	0	0	0	0	0	0
0	0.000550764	0.00040055	0	0	0.147998	0.068433	-0.0285102	-0.0980017	0	0.0223644	3.74609	-0.00214669	0	-0.288393	0.130057	0	-0.410458	0	-2.82264
0	0	0	0	0	0	0	0	0	0	0	6.69951	0	0	1.69061	0	0	0	0	0
0	0	0	0	-0.0758466	0	3.15757	0	0.0690703	0.0287975	-1.89532	-1.23489	0.0572426	0	0.0227812	0	0	0	0.0422617	0.164346
0	0	0	0	0	1.79081	0	0	0	0	0	0	0	-1.01107	0	0	-0.31846	0	0	1.67111
0	0	0	0	0	0	0	0	0	0	0	0	-0.153251	-1.79144	0	0	0	0	0	0
0	0	0	-0.407914	0	0	0	0	0	0	-0.361544	0	0	0	0	0	0	0	0	0
0	0	0.417534	0	0.0540052	-0.0318053	-0.00962375	0	-2.41592	-0.078928	0	3.93536	-0.072808	0.0926805	0	-0.0320359	0	-0.00261758	-0.0462453	0
0	0	0	1.60144	0	0	-7.92154	0	0	0	0	0	0	0	0	0	0	0	0	0
0	0	0	0	0	0	1.70717	0	0	0	0	0	0	0	-5.21157	0	0	0	0	0
0.149966	0	0	0	0	3.48586	0	0	0	0	0	0	0	0	1.26413	0	0	0	0	0
0	0	0	0	0	6.96459	0	0	0	0	0	0	0	0	0	2.02618	0	0	0	0
0	0.00263807	3.66769	0	0.262355	0	0.0114721	0	0	-0.0258242	0.0591189	0	-0.226092	0	0	0	0	0	0.00267273	-0.625305
0	0	0	0	2.1399	0	0	0	0	0	0	0	0	1.57715	0	0	0	0	0	0
0	0	0	0	0	-1.8662	0	0	0	0	0	-0.528997	0	0	0	0	0	0	0	0
0	0.300402	0	0	0	3.76907	0	0	0	0	0	0	0	0	0	0	0	0	0	0
0	0	0	0	0	0	3.27995	0	0	0.421131	0	0	0.943421	-0.902849	0	0	0	0	0	0
0	0	1.89045	0	0	0	0	0	0	0	-1.70821	0	0	0.923313	0	0	0	0	0	0
0.206528	0	0	-0.0275816	0	0	0	-0.0558422	0	-2.83399	0	0	0	0	0	0	0	0	-0.0508175	0
0	0	0	0	0	0	0	0	0	0.38581	0	0	0	0	0	0.548116	0	0	0	0
0	-0.614672	0	0	0	0	0	0	0	0	0	0	0	0	0	-1.193	0	0	0	0
0	0	0	0	0	0	-0.906636	0	0	-0.474625	0	0	-0.0277567	0	0	-1.90981	0	0	0	0
0	0	0	0	0	0	0	0	3.9321	0	0	0	0	0	0	0	0	2.62272	0	2.79057
1.16378	0	0	0	2.53064	0	-1.9376	0	0	0	0	1.65955	0	0	0	0	0	0	0	0
0	0.00983682	0	0	0	0	0	0	0	0	0	0	0	0	-2.18978	0	0	0	0	-1.47565
0	0	-1.85323	0	0	0	-0.480764	0	0	0	0	0	0	0	0.249023	0	0	0	0	0
0	0	0	0	1.58864	0	0	-1.89605	-0.242777	0	0	0	0	0	0	0	0	0	0	0
0	0	0	0	0	0	1.21825	0	-4.0268	0	-0.639169	0	0	0	0	0	0	0	0	0
0.0636913	-0.00740938	0	-0.0583998	0.0364489	0.0173649	0	-0.0672101	-0.0544627	-0.00394438	0	0.047859	0	0	0	0.00136295	-0.0144824	-0.0323992	-0.0667741	-4.23684
0	0	0	0	0	0	0	0	2.13605	0	0	0	0	0	0	0	0	1.70294	0	0
0	-0.796042	0	0	0	0	0	0	0	0	0	0	0	0	0	0	0	0	-0.539784	3.34089
0	0	0.110659	0	0	0	0	0	0	0	0	0	0	0	0	0	0	0	-0.310377	0
0	0	-3.84608	0.00130562	0	0	-1.64153	0.0502427	0	0	0	0	0	0	0	0	0	0	0	0
0	0	0	3.82312	0	0.296065	0	0	0	0	0	0	0	-1.60391	0	0	0	-0.347754	0	0
0	0	0	0	0	0	0	0	1.44846	0	0	0	1.27419	0	0	0	0	3.83826	0	0
0.0407438	0.00155214	0	-0.0199835	0.00918414	0.0902867	0	-0.102778	-0.097476	-0.0131091	0	0.139787	0	-1.88054	0	0	-0.168418	-0.115059	-0.061826	0
0	0	0	0	1.40185	0	0	0	0	0	2.16457	1.17837	0	0	0	0	0	0	0	0
0	0	0	0	0	2.03099	0	0	0	0	0	0.923756	0	0	0	0	-2.98559	0	0	0
-3.76087	0	0	0	0	0	0	0	1.17009	0	0	0	0	0	0	0	0	0	0	1.04342
0	0	0	0	0	0	0	0	-1.29638	0	0	0.367562	0	0	0	0	-0.0652758	0	0	0
0	0	1.96298	-1.56464	0	0	0	0	0	0	0	0	0	0	0	0	0	0	0	0
0	0	0	0	0	0	4.08025	0	0	0	0	-5.8268	0	0	0	0	0	0	0	0
0	0.339832	0	-3.23692	0	0	0.387214	0	0	0	0	0	0	0	0	0	0	0	0	0
0	0	0	0	0	0	0	0	0	0.241407	0	0	0.0638393	0	0	0	0	0	0.789493	0
0	3.47145	0	0	-0.828062	0	0	0	0	0	0	0	0.699393	0	0	0	0	0	0	0
0	1.41526	0	0	0	0	0	0	0	0	0	0	1.96631	0	-0.48497	0.37542	0	0	0	0
0	0	0	0	-2.34973	0	0	0	0	0	0	0	0	0	0	0	0	0	0	0
0	0	2.2318	0	0	0	1.60637	0	-2.28182	0	-0.524855	0	0	0	0	0	0	0	0	0
1.27122	0	0	0	0	0	0	0	0	0	0	0	0	0	0	0	-4.62952	0	0	0
0	-0.0171783	0	0	0.0180406	-0.199487	0	3.34888	0	-0.143382	0	0	-0.074294	0.00750241	0	-0.0399481	0	0	-0.0883676	0
0	0	0	-0.0104086	-3.39965	0	0	-0.0614349	0	0	0	0.0960219	0	-1.17136	0	0	0	0	-0.00384584	0
0	0	0	0	0	0	2.16764	0	0	0	0	0	-0.501312	0	0	0	0.214986	0	0	0
0	0	0	0	0	0	0	-0.88193	0	0	0	0	0	0	0.181566	0	0	0	0	0.208917
0	0	-1.13258	0	0	0	0	0	0.730821	0	0.620012	0	0	0	0	0	0	0	0	0
0	0	0	0	0	-7.13697	0	0	2.05224	0	0	0	0	0	0	0	0	0	0	1.73673
0	0	0	0	-3.74491	-1.75375	0	0	0	0	0	-0.339865	0	0	0	0	0	0	0	0
0	0	0.370212	0	0	2.16778	0	0	0	0	0	0	0	0	0	0	0	0	0	0
0	0	0	0	0	0	0	0	0	0	0	0	-1.83003	0	0	0	0	0	0	-1.07896
0	0	-0.4692	0	0	0	0	0	0	0	1.34301	0	0	0	0	0	-2.76425	0	0	0
0	0	0	0	0	0	0	0	0	0	0	0	0	0	0	0	-3.04042	0	0	0.875717
0	0	0	0	0	0	0	-1.13589	0	0	0	0	0	0	0	0	0	-5.43537	0	0
0	0	0	0	0	0	0	0	0	0	0	0	0	-0.508579	0	0	-1.60385	-3.32624	0	0
0	0	0.192582	0	0	0	0	0	0	0	0	0	0	0	-0.289011	0	0.395919	0	0	0
0	0	0	0.744298	0	-2.43548	0	0	0	0	0	0	0	0	0	0	0	0	0	-0.343523
0	0	0	0	-1.49123	0	1.33246	0	0	0	0	0	0	0	0	0	0	0	0	0
0	-0.451104	0	-1.34339	0	0	0	0	0	0	0	0	0	0	0	0	0	0	-1.98658	0
0	0	0	0	0	0	1.19663	0	-0.809769	0	0	0	0	0	-1.02858	0	0	0	0	0
0	0	0	0	2.37443	0	-1.07143	0	0	0	0	0	0	0	0	0	0	0	0	0
0	0	0	0	0	1.31256	0	0	0	0.0750402	0	0	0	0	0	0	0	-0.954944	0	0
0	0	0	0	0	0	0	0	-4.22165	0	0	0	0	0	0	0	0	0	0	0
0	0	0	0	0	0	0	0	0	0	0	0	0	0	-2.91824	0	0	0	0	0
0	0	0	0	0	0	0	0	0	0	0	1.31091	0	0	0	0	0	-1.51144	0	0
-0.0396631	0	2.85598	0	0	0	0.602285	0	0.00472566	0	0	-0.040522	0	0	-4.41356	0	0.0110531	0.00509338	0.0308787	0
4.52734	0	0.189256	-0.117569	0	0	0.0258229	-0.0153483	-0.0362747	-0.0860575	-0.0473822	0	0	0.0264043	-0.0124855	0	0.0350213	0	-0.370767	0
0	0	0	0	0	-2.36893	0	0.630558	0	0	0	0	0	0	0	0	0	0	0	0
0	0	0	0	0	0	0.0493622	0	0	0.8639	0	0	0	0	0	0	0	0	0	0
-1.75468	0	0	0	-1.56	0	0.896134	0	0	0	0	0	0.141924	0	0	0	0	0	0	0
1.87588	0	0	0	0	0	0	0	0	0	0	0	0	0	1.07853	0	-0.401339	0	0	0
0	0	0	0	0	0	0	6.53402	0	0	0	0	0	0	0	0	0	0	0	0
0	-3.19065	0	-1.21214	0	0	0	0	0	0	0	0	0	1.71436	0	0	0	0	0	0
0	0	0	0	0	0	-3.47521	0	0	0	0	0	2.30651	0	0.739185	0	0	0	0	0
0	0.481038	0	0	0	0	0	0	0	1.27933	0	0	0	0	0	0	0	-0.0887177	0	0
0	0	0	0	0	0	-3.84285	0	0	0	1.05279	0	0	0	0	0	0	0	0	0
0	-2.40829	0	-0.0166512	-0.0277857	0	0	0	0	0	-0.00843923	0	0.0771005	0	0	0	0	0	0	0.0788923
0	0.000161042	0.038386	0	0	0.118249	0.115914	-0.0030224	-0.0524097	0	-1.07326	0	0	0	-0.112392	0.140212	2.78733	-0.0473617	0	-0.012818
0	0	0	0	0	0	0	0	1.17125	0	0	0	0	0	0.806944	0	0	0	0	0
0	0	0	0	0	0	-3.25596	0	0	-4.45781	0	0	0	0	0	0	0	0	0	0
0	0	0.494161	0	0	0	0	0	0	0	-0.581783	0	0	0	0	0	0.0660702	0	0	-2.61115
0	0.859557	-3.34209	0	0	0	0	0	0	0	0	0	0	-0.52919	0	0	0	0	0	-1.20379
0	0	0	0	0	-0.101756	0	0.0358329	0.179116	0	4.76944	-0.0384168	0	-0.00969052	0	-0.181465	-0.015126	0.150552	0.0181903	0
0	2.83376	0	0	0.0741202	0	0	0	0	-0.0922393	0	0	-0.14763	0	0	0	0	0	0	-0.0985203
0	0	0	0	0	0	0	0	2.031	0	0	-1.4648	0	0	0	0	0	0.918233	0	0
0	1.90883	0	0	0	0	0	0	0	0	0	0	0	0	0	0	0	0	0	0
0	0	0	0	-1.39985	0	3.67462	0	0	0	-0.855897	0	1.51948	0	0	0	0	0	0	0
-0.0118207	0	-2.63176	0.138416	0	-0.129613	0	0.146431	0.0428441	0	0	0.0114288	0	0.0217807	0	-0.117991	0.027698	0.00757557	0.00938948	0
0	0	0.011775	0	0	0.0318888	0	-0.021562	-0.0208693	0	-2.84442	0.0125918	2.12921	-0.0280483	0	0.0175829	-0.00701117	-0.00150002	-0.00119257	0
0	0	0	0	0	4.15383	0	0	0	0	0	0	0	0	0	0	0	0	0	0.460725
0	0	-3.23774	0	0	0	-2.88803	0	0	0	0	0	0	0	3.32208	0	0	0	0	0
0	0	3.65079	0.842559	0	0	0	0	0	0	0	0	0	0	0	0	0	0	0	-0.226662
0	0	-1.67627	0.130449	0	0	0	0.0316072	0	0	0.162199	3.07866	0	0	0	0	0	0	0	-0.0181665
0	0	-0.932109	0	0	0	0	0	0.0970001	0	0	0	0	0	0.869802	0	0	0	0	0
0	-2.5176	0	0	0	0	0	0	0	0	0	0	0	0	0	0	0	0	0	0
0	0	0	0	3.06663	0	0	0	0	0	0	0	0	0.243877	0	0	0	0	0	0
0	0	0	0	0	-0.250825	0	0	0	0	0	0	-0.619135	0	0	0	0	0	0	0
0	0	-0.00615208	0	0	0	-0.0510423	0	-3.42291	0	0.0450675	0.0366	0	0	0	0	0	-0.0438636	-1.89255	0
0	0	0	0	-0.867039	0	0	0	2.28316	0	0	-1.18967	0	0	0	0	0	0	0	0
0	0	0	0	0	0	0	0	0	0	0	4.23265	0	0	0	0	0	0	0	0
0	-0.115715	0	-0.66094	0	0	0	0	0	0	0	0	0	1.70914	0	0	0	0	0	0.349938
0	0	0	0	0	1.02284	0	0	0	0	0	0	1.24853	0	0	1.77674	0	0	0	0
0	0	0	0	-7.27018	0	0	0	0	0	0	0	0	0	0	-3.29229	0	0	0	0.708216
0	0	0	0	0	0	0	0	0	0	0.196958	0	-3.12476	0	0	0	-0.660934	0	0	0
-0.63347	0	0	0	0	0	0.232817	0	0	0	0	0	0	0	-1.68593	0	0	0	0	0
0	2.59315	0	0	0	0	0	0	0	5.97474	0	0	0	0	0	0	0	0	0	0
0	0	-1.77139	0	0	0	-0.817961	0	0	0	0.758276	0	0	0	0	-0.00426824	0	0	0	0
0	0	0	-1.90288	0	0	0	0	-1.21029	0	0	0	0	0	0	0	0	0	0	0
0	0	0	0	0	-0.00949105	0	0	0	0	0	0	-1.46113	0.146433	0	0	0	0	0	0
0	0	0	0	5.01735	1.70997	0	0	-0.35529	0	0	0	0	0	0	2.42171	0	0	0	0
-0.0237512	0.0179566	0	0.0477802	2.12334	0	0.0140219	0.00950951	0	0.000949725	4.29682	0	0	0	-0.0249991	0	0.00749749	0	0.0186071	-0.114535
0	0	0	0	0.596358	0	0	0	-3.67623	0	0	0	0	0	0	0	0	0	0	-3.19968
0	0	0	0	-4.17672	0.78142	0	0	0	0	0	0	0.515867	0	0	0	0	0	0	0
0	0	0	0.21942	0	0	0	0.273553	0	0	0	0	0	0.753847	0	0	0	0	0	0
0	0	0	0	0	0	0	0	0	0	1.28946	0	-0.447215	0	0	-0.0243486	0	0	0	-1.02212
0	0	0	0	6.67031	2.15552	0	0	-1.08232	0	0	0	0	0	0	3.49002	0	0	0	0
0	0	0.129422	0	0	0	0	0	0	-0.287957	0	0	0	0	0	0	0	0	-0.0806141	0
0	2.00769	0	0	0	0	0	0	-0.245342	0	0	0	0	0	0	0	0	-0.902366	0	0
0	0	0	0	0	0	-0.318903	3.94793	0	0	0.0188203	0	0	0	0	0	0	0	0	0
0	-1.55209	0	0	0	0	0	0	-3.4735	0	0	0	0	0	0	0	0	0	-0.692122	0
0	0	0	0	0	-0.0495857	0	0.0101935	0.0328332	0	0.89422	-0.00171185	0	0	0	-0.0817741	0	0.0356892	0	0
0	0	0	0	0	0	0	0	0	0	0	0	0	0	0	0	0	0	0	3.67589
0	0	0	0	0	0	0	-1.43682	0	0	0	0	0	0	0	0	-4.34548	0	0	0
0	0	0	0	0	0	0	0	0	-0.767047	0	4.82222	-0.808602	0	0	0	0	0	0	0
0	0	0.787558	0	0	0	0	0	0	0	0	0	0	0	0	0	0	0	0	-0.425648
-0.0590092	0	0.115178	0	0	0	0.120271	-3.40889	-0.0925848	0	-0.0673424	-0.000280182	0	0.0119964	-0.0713829	0.158938	0.0499471	0	-6.08532	0
0	0	1.89212	0	0	0	1.80324	0	0	0	0	0	0	0	-2.11726	0	0	0	0	0
0	0.692136	0	0	0	0	0.91329	0	0	0.271285	0	0	0	0	0	0	0	0	0	0
0	0	0	0	0	-1.36936	0	0	1.14631	0	0	0	0	0	0	-1.78158	0	0	0	2.36339
-0.59217	0.336929	0.0204799	0.0675763	0	0	2.0936	0.0640164	0.116442	0.19604	-0.14005	-3.33226	0	-8.42431e-05	-0.195066	0	0	0	0.300468	0.000584314
0	0	0	0	0.872257	0	0	0	0	0	2.68781	0	0	0	0	0	0	0	0	0
0	0	-1.71143	0	-0.187548	0	0	0	0	0	0	0	2.11547	0	0	0	0	0	0	0
0	-2.0889	0	0	0	0	-1.09687	0	0	0	0	0	0	0	2.69042	0	0	0	0	0
0	0	0	0	0	0	0	0	0	0	0	-1.94581	0	0	0	0	0	0.29787	0	2.04788
0	0	0	0	-1.07158	3.65633	0	0	0	0	0	0	0	0	0	0	0	0	0	0
0	0	-0.394915	0	0	0	0	0	0	0.153334	0	0	0	0	0	0	0	0	0	0
0	0	0	0	-2.98712	0	0	0	0	0	0	0	0	0	0	-1.05084	0	1.98091	0	0
0	0	0	1.55502	0	0	0	0	1.77928	0	1.34255	0	0	0	0	0	0	0	0	0
0	0	0	0	-1.71438	0	0	0	0	0	0	0	0	0	0.0789581	-0.111696	0	0	0	0
0	0	-0.135229	0	-1.06596	0	0	0	0.0980203	0	0	0	0	0	0.664108	0	0	0	0	0
-4.98504	0	0	0	-5.34038	0	0	0	0	0	0	0	0	0	0	0	0	0	0	0
0.375992	-1.87449	0	0	0	0	-0.999667	0	0	0	0	0	0	0	0	0	0	0	0	0
0	0	0	0	0	0	-1.24354	0	2.69277	0	0.604394	0	0	0	0	0	0	0	0	0
0	0	0	2.63592	0	-0.975213	0	0	0	0	0	0	0	0	0	-0.715178	0	0	0	0
0	0	0	0	0	-0.830488	0	0	0	0	0.0522926	3.78686	0	0	0	0	0	0	0	0
0.321089	0	0	0	-2.67798	0	0	-0.683781	0	0	0	0	0	0	0	0	0	0	0	0
0	-1.6753	0	0	0	0	-1.47819	0	0	0	0	0	0	0	0.789819	0	0	0	0	0
0	0	0	0	0	0	0	0	0	0.487591	0	0	0	-0.19433	3.58591	0	0	0	0	0
0	0	0	0	0	0	0	0	0	1.49699	0	0	0.052227	0	0.289408	0	0	0	0	0
0	0	0	0	0	-1.39822	0	0	0	-0.784787	0	0	-0.652551	0	0	0	0	0	0	0
0	0	0	0	0	0	0	0	0	0	-0.551476	-0.729733	0	2.54336	0	0	0	0	0	0
0	0	0	0	-2.79275	0	0	2.73977	0	0	0	0	0	0	0	0	0	0	0	0
0	0	0.0021877	-0.0677369	-0.0140503	0	0	-3.59743	0	0	-0.0630968	-0.0658358	0.00322881	0	0	0	0.00594546	0.00414408	0	0.0475249
0	0	0	0	0	0	0	0	0	0	0	1.65512	0	0	0	0	0	-3.65843	0	0
0	0	0	-0.00354606	-0.0694218	0	0	0.028047	0	1.7852	0	-8.00825	0.190966	-0.387644	0	0	-0.0191453	0	3.7336	0.0232316
0	0	0	0	0	0	2.1774	-0.621066	0	0	0	0	0.655634	0	0	0	0	0	0	0
0	0	0	0	0	0	2.57833	0	0	0	0	0	0	1.05943	-7.76819	0	0	0	0	0
0	0	-1.91327	0	0	0	0	0	0	0	0.251181	0	0	0	0	0	0	0	0	0
0	0	0	0	0	0	0	0	0	0	-0.601772	0	0	0	0	2.32603	0	0	0	0
0	0	0.0644292	0	-0.0458328	2.86608	0	0	-1.92269	0	-0.0515641	-0.00437816	0.0459552	0.0653325	0	0	0	0.0237308	0	0.0188761
0	0	-0.464019	0	-0.111569	0	0	0	0	0	0	0	3.92477	0	0.693049	0	0	0	0	0
-3.88405	0.154612	0	0	-3.85909	0.0283762	0	0	0	0.167557	0	0.00805132	0.260865	-0.044071	0	0.0143852	-0.0152955	-0.0422474	0	-0.0145284
0	0	0	0	0	0	0	0	0	-0.117825	0	0	0	0	5.17604	0	0	0	-0.768545	0
-2.78984	0	0	0	0	-3.99748	0	0	0	0	0	0	0	0	0	0	0	0	0	0
0	0	0	0	0	0	-3.31674	2.09831	0	0	0	0	0	0	0	0	0	0	0	0
0	0	0	0	0.159716	0	0	0	0	-0.316268	0	0	0	0.827589	0	0	0	0	0	0
0	0	0	0	0	0	0	-2.89032	0	0	0	0	0	0	0	0	-3.17542	0	0	0
0	0	-0.396056	0	-0.599198	0	0	0	0	0	0	0	0.700502	0	0	0	0	0	0	0
0	-0.120698	0	0	0	0	0	0	0	-0.0577479	0	0	0	0	2.05864	0	0	0	0	0
0	2.11283	0	0	0	0	0	0	0	0	0	5.54341	0	0	0	0	0	-2.21461	0	0
-0.127559	0	0.0123951	0.0178428	6.55473	-0.101793	0.0402246	0.147717	0.00965896	0	-0.000943347	-0.144201	0	0.189457	-0.0611485	0	0.238202	0.0461459	0.0390565	0
0	0	0	0	0	-2.34639	0	0	0	0	0	0	-1.93372	0.255167	0	0	0	0	0	0
0	0	0	0	0	0	0	0	0	0	0.116192	0	0	0	1.45558	0	0	0	0	0
0	0	0	0	3.53156	-0.0195773	0	0	0	0	0	-0.656484	0	0	0	0	0	0	0	0
0	0	5.6909	0	0	0	0	-0.357179	0	0	0	0	0.323478	0	0	0	0	0	0	0
0	1.39665	0	0	0	0	0	0	0	0	0	0	0.953539	0	0	0	0	0	0	0
0	0.909263	0	0.830757	0	0	0	0	0	0	0	0	0	0	0	0	0	0	0	-1.21194
0	0	1.45985	0	0	0	0	0	0	0	0	0	0	0	0	0	0	0	0	-0.26846
0	0	0	0	0	0	0	0	0	0	0	7.19224	0	0	0	0	0	0	0	0
0	0	0	0	-1.40842	0	0	0	0	2.29339	0	0	0.836334	-0.0171329	0	0	-0.00317055	0	0	0
0	0	0	0	0	0	0.0453871	0	0	0	-0.997314	0	0	-0.00902213	0	0.0386461	0	0	0	0
0	0	0	0	0	0	0	0	0	0	0	0	0	0.169428	0	0	0	0	0	-0.408321
0	0	0	0	1.29462	0	0	0	0	0	0	0	-1.19496	0	0	0	0	0	0	0
0	-1.63117	0	0	0	0	0	0	0	0	0	0	0	0	0	-0.260828	0	0	0	0
0	0	0	0	0	0	-0.187375	0	0	-3.1472	0	0	-0.892777	0	0	0	0	0	0	0
0	0	0.128564	-0.307115	0	0	0	0	0	0	-0.736302	0	0	0	0	1.40237	0	0	0	0
-0.821645	0	0	1.39962	0	0	0	0.488762	0	0	0	0	0	0	0	0	0	0	1.09268	0
0	0	2.99384	0	0	0	1.22616	0	0	0	0	0	0	0	0	0	0	0	0	0
0	0	-0.80409	0	0	-0.0222649	0	0	0.482238	0	0.168697	0	0	0	0	-0.571143	0	5.54983	0	0
0	0	0	0	0	0	0	0	0	0	0	0	0	0	0	0	0	2.74677	0	0
0	0.0327831	0	0.0932779	0	0	0	0	0	0	0	0	0	-0.163959	0	1.26433	0	0	0	0
0	0	0	0	0	0	0	0	0	-1.61317	-0.659427	0	0	0	0	0	0	0	0	0
0	-1.86721	0	0	0	0	0	0	0	-0.477744	0	0	0	0	0	0	0	0	0	0
0	0	0	-0.380308	0	0	0	0	0	-0.237257	0	0	0	0	0	0	0	0	-0.0205983	0
0	-0.784804	0	0	0	0	0	0	0	0	0	0	0	0.544057	0	0	0	0	0	0
0	0	0	0	0	0	0	-5.05272	0	0	0	3.16952	0	-1.1491	0	0	-0.897029	0	0	0
0	0	0	0	1.10115	0	0	0	0	0	1.56266	1.33559	0	0	0	0	0	0	0	-2.30301
0	1.15335	0	0	0	0	0	5.57065	0	0	0	0	0	0	0	0	0	0	0	0
0	-5.95348	0	0	0	0	0	0	0	0	0	0	0	0	0	0	0	0	0	0
0	0	0	0	0	0	0	0	0	0	2.09089	0	0	-0.916394	0	0	0	0	0	0
0	0	-6.22286	0	0	0	0	0	0	0	0	0	0	0	0	0	0	0	0	0
0	0	0	0	0	0	-0.476856	0	0	-0.136243	0	0	0	0	0	-0.509103	0	0	0	0
-0.00997683	0	0.029206	0	0	0	0.0100038	0.107003	4.30372	0	-0.0380513	-0.0364172	0	0.00536877	-0.00825905	0	0.0281266	0	0	3.77675
0	0	0	0	0	0	0	0	0	0	-1.39741	0	0	0	-5.17005	0	0	0	0	0
0	0	0	0	0	0.619358	0	0	-1.11043	0	0	0	0	0	0	0	0	-2.46823	0	0
-1.54564	0	0	0	0	0	2.37917	0	0	0	0	0	4.10038	0	0	0	0	0	0	0
0	0	0	0	0	0	0	0	0	0	0	-2.51543	0.924777	0	0	0	0	0	0	0
0	0	0	0	0	0	0	0	0	0	1.56662	0	-1.81704	0	0	0	0	0	0	0
0	0	-7.54088	0	0	0	-0.94471	0	0	0	0	0	0	0	0	0	0	0	0	0
0	0	0	-0.55966	0	0	0	0	0	0	-0.748683	-1.14233	0	3.06044	0	0	0	0	0	0
0	0	-1.6026	0	0	0	-0.0887365	0	0	0	0.315468	0	0	0	0	0	0	0	0	0
0	0	0	0	0.868052	0	0	0	0	0	0.874249	0	-1.70142	0	0	0	0	0	0	0
0	0	3.85183	0	0	0	0	0	0	0	-1.77002	0	0.119413	0	0	0.121481	0	-0.0382438	0	0
0	0	0	0	-1.5158	0	2.77629	0	0	0	-2.63469	0	0	0	0	0	0	0	0	0
0	0	0	-0.372913	0	0	0	0	0	0	-0.384592	0	0	0	0	0	0	0	0	0
0	0	0	0	0	0.115111	0	-1.16668	0	0	0	0	0	0	0	0	0	-0.650875	0	0
0	0	-7.25076	0	0	0	0	0	0	0	0	0	0	0	0	-0.756382	0	0	0	0
0	0	0	0	0	0	3.01809	0	0	1.91088	0	0	0	0	0	0	0	0	0	0
-7.23288	0	0	0	0	0	0	0	0	0	0	0	-0.567351	0	0	0	0	0	-1.60993	0
0	0	0	0	0	0	0	1.00601	0	0	0	0	0	0	0	0	2.29091	0	0	0
0	-0.76939	0	0	0	0	0	0	0	0	0	0	0	0	0	0	0	0	0	0.475165
0	0	0	0	0	0	0	0	0	0	0.63108	0	0	3.28408	0	0	0	0	0	0
0	0	2.70662	0	0.357314	0	0	0	0	0	0	0	0	0	0	0	0	0	-0.407746	0
0	0	0.318408	-0.315134	0	0	0	0	0	-0.306612	0	0	0	0	0	0	0	0	0	0
0	2.07515	0	0	0	0	0	0	0	0	0	0	0	0	-2.27793	0.540824	0	0	0	0
0	0	0	0	0	0.682274	0	0	0	0	0	0	0.169695	0	0	0	0	0	0	0
0	0	-0.0241484	0	0	0	0	0	0	0	0.611059	0	0	0	0	-0.421253	0	0	0	0
-0.614273	0	0	2.73369	0	0	0	0	0	0	0	0	0	0	0	0	0	0	0.449379	0
0	0	-0.037182	0	-0.019408	0.267562	0	0	-2.86726	0.00881043	0	2.63804	0.0430795	-0.123829	0	0.218938	-0.0655641	-0.0739713	0	0
0	0	0	0.0971146	0	0	0	1.27201	0	0	0	0	0	0	0	0	2.04515	0	0	0
0	0	0	0	-0.160035	0	0	0	0	0	-3.38382	0	0	0	0	0	0	0	0	0.41416
0.00679029	-2.16451	0	0	0	0	0	-0.558177	0	0	0	0	0	0	0	0	0	0	0	0
0	0	0	0	0	0	0	0	0	0	0	0	0	2.50076	0	0	0	0	0.44863	0
0	0	0	0	0	0	0	0	0	0	0	0	0	0	-0.873602	0	0	0	0	0
0	-6.40173	0	-0.727502	0	0	0	0	0	0	0	0	0.514956	0	0	0	0	0	0	0.28791
0	0	0	0	0.0212728	0	-3.30504	0	-0.65412	0	0	0	0	0	0	0	0	0	0	0
0	0	0	0	0	-0.000700423	0	0	0.529764	0	3.56593	0	0	0	0	-0.148402	0	0.281947	0	0
0	0	0	0.490693	2.18762	0	0	0	0	0	0	0	-0.112429	0	0	0	0	0	0	0
0	-0.845463	0	0	0	0	0	0	0	0	0	0	0	0	0	0	0	0	0	0
0	0	0	0	0	0	-1.53019	0	0	-1.8174	0	0	-1.33508	0	0	0	0	0	0	0
0	0	0	0	0	0	0	0	0	0	-0.404497	0	0	0	0	0.104296	0	0	0	0
0.153788	-0.0654838	0	0	0.192608	-0.00912611	-0.282223	0	0	-0.0755789	0	1.89032	-0.174507	-0.0590885	0.279479	-0.0337043	-3.10636	-0.00603575	0	0
0	0	0	0	0	0	0	0	0	0	-2.46362	-0.843079	0	5.1222	0	0	0	0	0	0
0	0	-0.0707372	0	0	-3.41466	0	0	0.901115	0	0	0	0	-0.00773074	0	0	0	0	0	0
0	0	-1.44547	0.591139	0	0	0	0	0	1.09547	0	0	0	0	0	0	0	0	0	0
0	0.898088	0	0	0	0	0	0	0	0	0	0	0.71822	-0.369535	0	0	0	0	0	0
0	0	0	0.614616	0	0	0	0	0	0	0	0	-0.118946	2.96512	0	0	0	0	0	0
0	0	0	0	-1.35033	0	0	0	0	0	0	0	0	0	0	-0.00989165	0	0	0	0.86828
0	0	0	0	0	0	0	0	0	0	0	0	0	0	-0.760912	0	0	-0.631243	0	-0.124781
0	-4.69633	0	0	0	0	0	0	0	0	0	0	0.578695	0	0	0	0	0	0	0
0	0	0	0	0	-5.80855	0	2.53624	0	0	0	0	0	0	0	0	0	0	0	0
0	0	3.0873	0	0	0	0	0	0	-0.97302	0	0	-0.602045	0	0	0	0	0	0	0
0	0	0	-0.375697	0	0	0	0	0	0	0	0	1.84847	0	0	0	0	0	0	0
0	0	0	0	0	0	0	0	1.88891	0	0	0	0	0	0	0	-0.194415	0	0	0
3.59166	0	0	0	1.24261	0	0	0	0	0	0	0	0	0	0	0	0	0	-0.733057	0
0	-1.70512	0.112855	0	0	0	0	0	0	-0.702831	0	0	0	0	0	0	0	0	0	0
0.129103	-0.0936094	0	0	0	-0.00933591	-0.189381	0	0	-0.183242	0	2.25818	-0.814019	0.00357088	0.0818038	-0.0474617	-0.0270129	0.0592244	-0.00839609	-0.024073
0	0	0	0	0	0	-0.03766	0	0	0	0	0	0	0	0	0	0	0	-2.55412	0
0	0.472436	0	1.75067	0	0	0	0	0	0	0	0	0	0	0	0	0	0	0	0
-3.11926	0	0	6.10371	0	0	0	0	0	0	0	0	0	0	0	0	0	0	0	0
0	0	0	0	0	0	0	0	0	0	0	0	-1.34827	0	0	0	0	0	0	-1.13653
0	0	0.00775773	-0.00763399	0.0286654	-0.199637	-0.896294	-0.00119974	-0.0292372	-1.32965	0.133559	6.16284	-0.136091	0.190941	0	-0.342034	0	0.278622	0	0
0.597959	-1.24172	0	0	0	0	0	0	0	0	0	0	0.855632	0	0	0	0	0	0	0.0289226
0	0	-0.0667273	0.183525	0	0	0	6.41072	0	0	0.0231805	0.0118472	0	-0.131973	0	0	-0.0408935	-0.0148072	0	0
0.051386	-0.0178863	0.395728	-0.227726	0.0458773	0	0.000487793	-2.05074	-1.35333	-0.0318326	0	5.21074	-0.0143785	0.0164351	0	0	0	0	-0.134732	0
0	0	0	0	0	0.685039	0	0	0	0	0	0	0	-1.70433	0	0	-1.53884	-0.238635	0	0
0	0	0	0	0	0	0	0	0	0	0	0	0	0.464013	0	0	0	0	0	0
0	-1.6923	0	0	0	0	0	0	0	0	0	-0.485915	0	0	0	0	0	0.372884	0	0
0	0	0	0	0	0	0	0	2.01039	0	0	0	0	0	0	0	0	1.09346	0	0
-1.65819	0.0744792	0	0	0	0	0	0	0	0.553676	0	0	1.02285	0	0	0	0	0	0	0
0	0	0	0	-1.2617	0	0	0	0	0	0	-1.39267	0	0	0	0	0	1.86713	0	0
-1.10511	0	0	2.0495	0	0	0	0	0	0	0	0	0	0	0	0	0	0	0	0
-0.715055	0	0	0	5.98714	0	0	0	0	0	0	0	0	0	0	0	0	0	0	0
-1.93274	0	0	0	0	0	0	0	0	3.3751	0	0	0	0	0	0	0	0	0	0
0	-0.003306	0	0	0.123695	-1.99378	0	0	0	-0.0214848	0	0	-0.151093	0	0	-1.8286	0	0	-0.00453553	-2.20098
0	0	0	0	0	0.952603	0	0	0	0	0	0.661719	0	-0.229129	0	0	-0.399762	0	0	0
0	0.0971178	0	0	0	0	0	0	0	0.350199	0	0	0	0	0	0.432518	0	0	0	0
0	0	4.51276	0	0	0	0	0	0	0	-2.71187	0	0	0	0	0	0	0	0	0
0	0	0	0	0	0	2.36171	0	0	1.00404	0	0	0	0	0	0	0	0	0	0
-0.00517136	0.120387	-6.54635	0.0359352	0	0	0.0219817	0	0	0.0180676	0	0	0	0	-0.157588	0	0	0	-0.000823335	-0.472515
0	0	0	0	0	-0.0420077	0	0	1.29452	0	0	0	0	0	0	-0.267569	0	2.28521	0	0
0	0	0	0	0	0	0	-2.1031	0	0	0	0	0	0	0.244761	0	0	0	0	0
0	-3.28915	0.76493	0	0	0	0	0	0	0	0	0	0	0	0	0	0	0	0	0
-0.00135169	-0.022884	-0.120454	0	-2.03034	0	-0.15783	0	0	0	0.0753973	0	0	0	0.260919	-0.0674159	0.0061337	0	0	0
0	1.47374	0	0	0	0	0	0	0	0	0	0	0.206067	-0.838957	0	0	0	0	0	0
0	0	0	0	0	0	0	0	0	0	0	0	0	0	0	-1.77867	0	0	5.07071	0
0	0	0	0	0	0	0	0	0	0	-0.865745	0	3.3884	0	0	0	0	0	0	0
0	0	-1.90454	0	0	0	0	0	0	0	0	0	0.486405	0	1.85566	0	0	0	0	0
0	0	-1.04787	0	0	0	-0.198716	0	0	0	0	0	0	0	0.907028	0	0	0	0	0
0	0	0	0	0	0	3.1709	0	0	0	0	0	0	0	-2.05015	0	0	0	0	0
0	0	0	-1.01183	0	-4.36464	0	0	0	0	0	0	0	0	0	0	0	0	0	0
0	0	0	0	0	0	0	0	0	0	0	0	0	0	-0.463206	0	0	-2.99573	0	-0.0708581
0	0	0	0	0	-6.69609	0	0	0	0	0	0	0	0	0	0	0	0	0	0
0	0	0	0	0	0	0	0	0	0.302297	0	0	0	0	0	3.30842	0	0	0	0
0	0	0.101943	-0.00256788	8.56178	6.00495	0	0	-0.477418	0	-0.0912024	-0.0145467	0	0.0539032	0	1.41785	0.0263465	0	0	0
-4.24061	0	0	0	0	0	0	0	0	0	0	0	0	0	0	0	0	0	0	0
0	0	-2.36616	0	0	0	0	0	0	0.556679	0	0	2.34662	0	0	0	0	0	0.595707	0
0	-1.53208	0	-0.928144	0	0	0	0	0	-0.504755	0	0	0	0	0	0	0	0	0	0
0	0	-2.34152	0	0	-0.00793227	0	0	0	0	0	0	0	0	0	-0.192501	0	0	0	0
-0.780301	0	0	0	0	0	0	0	0	1.4939	0	0	0	0	0	0	0	0	2.33849	0
1.1964	-1.71352	0	0	0	0	0	0	0	0	0	0	0	0	0	0	0	0	0	2.29992
0	0	0	0.0121728	0	0	0	0	0	0	0	0	0	0	0	-1.13647	0	0	0	0
-5.83431	0	0	0	0	-1.72921	0	0	0	0	0	-2.23782	0	0	0	0	0	0	0	0
0	0	0	0	0	4.79389	0	0	0	0	-0.523742	0	0	0	0	0	0	0	0	0
0.257505	0	0	0	0	0.0194516	-0.855347	-0.0323327	-0.010928	0	0	0.0888916	0	0	1.80592	0.00759417	-0.0670331	-0.0247685	0	0
0	4.34433	0	0	0	0	0	0	0	0.936396	0	0	0	0	0	0	0	0	0	0
0	0	0	0	0	0	5.50496	0	0	0	0	0	-1.61123	0	0	0	0.905093	0	0	0
0	0	-1.24196	0	0	0	0	0	0	0	0	0	0	-2.11967	0	0	-1.89993	0	0	0
0	0	0	0	0	-1.23524	0	0	0	0	1.0373	4.32873	-0.971921	0	0	0	0	0	0	0
0	0	0	0	-2.65926	0	0	0	0	0	1.61843	0	0	0	0	0	-1.28942	0	0	0
0	0	-1.45083	0	0	0	0	0.980898	0	0	0	0	-2.74222	0	0	0	0	0	0	0
0	-0.367852	0	0	2.86751	0	0	0	0	0	0	0	0	0	0.0341198	0	0	0	0	0
0	0	0	0	0	0.110562	0	0	0	0	0	0	0	-1.8389	0	0	0	-1.04514	0	0
0	0	0.540709	0	0	0	0.545004	0	-0.0347545	0	0	0	0	0	-0.146423	0	0	0	0	0
0	0	0	0	-1.32015	0	1.78192	0	0	1.70456	0	0	0	0	0	0	0	0	1.16995	0
0	0	0	0	-2.60856	0.0505031	0	-0.0129138	-0.0044717	0	0	0.0333063	0.121157	-0.0747937	0	0.013039	-0.0323938	-0.0542166	0	0
0	0	0	0	0	-1.27348	0	0	0	0	0	0	0	0	0	0	0.885406	0	0	0
0	0	1.05224	0	0	0	0	0	-2.34049	0	0	0	0	0	-1.29272	0	0	0	0	0
0	0	1.73733	0	0	0	0.292196	0	0	0	0	0	0	0	0	0	0	0	0	0
0	0	0	0	-0.0763475	0	0	0	1.97258	0	0	0	0.196176	0	0	0	0	0	0	0
0	0	0	0	0	-0.958992	0	0	0	0	0	0	-0.861085	0	0	-1.17145	0	0	0	0
0	0	0	0	0	0	2.6081	0	0	0	-1.51924	0	1.49472	0	0	0	0	0	0	0
0	0	-0.724676	0	0	0	0	0	0	0	0	0	0	0	0	-0.750472	0	0	0	-3.39433
0	0	0	0	0	0	0	0	0	0	-3.44575	0	0	0	-1.54956	0	0	0	0	0
0	1.43563	0	0	0	0	0	0	0	0	0	0	-5.38035	0	0	0	0	0	0	0
0	0	0	0	0	0	0	0	0	0	0	0	0	0	0	0	-5.94712	0	-1.16911	0
0	0.488357	0	0	0	0	0.503308	0	0	0	0	0	0	0	0	0.294616	0	0	0	0
-0.0333535	0.16002	0	0	0	0	0	0	0	0	0	0	0	0	-2.63622	0	0	0	0.605561	0
0	0	0	0	0	0	0	0	0	0	-1.62309	0	0	0	0	0	3.52559	0	0	0
0	0.638361	0	0	0	0	0	0	0	0	0	0	0.92264	0	0	0.274552	0	0	0	0
0	0	-1.72578	0	0	0	0	0	0	0	0	0	0	0	0	0	0	0.0252217	0	0.156057
-5.73292	0	0	0	0	-1.61242	0	0	0	0	0	0	0	0.886975	0	0	0	0	0	0
0.465912	0	0	0	0	0	0	0	0	6.23178	0	0	0	0	0	0	0	0	0	0
0	0	0	0	0	0	0	0	0	0	3.99072	0	-0.809773	0	0	0	0	0	0	0
0	0	0	0	0	0	0	0	0	0	0.551104	0	0	0	0	0	0	-2.16978	0	-1.11368
-0.0945374	0.0138499	0	0.0121395	0	0	0	0.0159759	0	0	0	-4.91097	0	0	-1.52959	0	1.12571	0	0	-0.217652
0	0	0	0	0	0	0	0	0	0	0	0	0	0	0	0	0	3.4306	0	0
0	0	0	0	4.82864	3.55961	0	0	-1.90282	0	0	0	0	0	0	0	0	0	0	0
0	0	0	0	0	-0.316975	0	0.841617	1.82874	0	0	0	0	0	0	0	0	0	0	0
0	2.7386	0	0.573031	0	0	0	0	0	0	0.00935669	0	0	0	0	0	0	0	0	0
0	0	0	-0.352761	-1.76342	0	0	0	0	0	0	0	0.150615	0	0	0	0	0	0	0
0	0	0	0	0	0	0	0.418613	0.171161	0	0	0	0	0	0	0	0	0.760954	0	0
-1.20022	0	0	5.92502	0	0	0	0	0	0	0	0	0	0	0	0	0.622332	0	0	0
0	0	0	0	-1.09224	0	0	0	0	0	0	-1.71681	0	0	0	0	0	2.96651	0	0
0	-0.434052	0	0	0	0	0	0	0	0	0	0	0	0	0.133827	0	0	0	0	0
0	0	0	0	0	0	0	0	0	0	0	0	0	0.286041	0	0	0	0	0	-1.15617
0	0	0.186669	0	0	0	0	0	0	-3.58777	0	0	0	0	0	0	0	0	0	0
0	0	0	0	0	0	0	0	0	0	-5.61236	0	0.0931424	-2.29112	0	0	0	0	0	0
0	-0.870505	0	0	0	0	0	0	0	-1.99959	0	0	0	0	0	0	0	0	0	0
0.0769462	-0.0337955	0	-0.0620279	0	0	-0.0386868	-0.0767471	-4.22564	0	0	2.34144	0	0	0.0622207	0	-0.0182724	0	-0.0401248	0.018061
-0.0216616	0.0901278	0	0	0	0.325319	0.0251547	-4.89429	0	-1.86215e-05	-0.0195202	-0.000574858	0.000113459	0	-0.040093	0.188248	0.00249086	-2.14164	-0.00087732	0
0	0	0	0	0	-1.06097	0	0	0	0	0	0	-0.361875	0	0	0	4.50369	0	0	0
0	0	0	0	0	0	7.07507	0	0	0	0	0	-2.21779	0	0	0	0	0	0	0
0	0	0	0	2.47864	0	0	0	0	-2.41456	0	0	-1.31935	0	0	0	0	0	0	0
0	0	0	0	0.0300611	0	0	0	0	0	1.28114	0	-0.214843	0	0	0	0	0	0	-1.16981
1.1321	0	0	0	0.94249	0	0	0	-3.1492	0	0	0	0	0	0	0	0	0	-0.788616	0
1.6616	0	0	0	3.4913	0	0	0	0	0	0	0	0	0	0	0	0	0	0	0
0	0	0	0	0	0	0	-1.13513	-1.21138	0	0	0	0	0	0	0	0	0	-0.333016	0
0	0	0.131953	0	0	0	0	5.07842	-0.73967	0	0	0	0	0	0	0	0	0	0	0
0	0	0	0	-1.22028	0	0	0	1.17252	0	0	-4.41401	0	0	0	0	0	0	0	0
0	0	0	0	0	0	0	0	0	0	0.831509	0.488059	0	0	0	0	0	0	0	-0.915444
0	0	0	0	0	0	0	0	0	0	-7.20979	0	1.32628	0	0.00735793	0	0	0	0	0.788557
0	0	0	0	0	0	3.50215	0	0	0.798428	0	0	1.03429	0	0	0	0	0	0	0
0	0	0	0	0	0	0	0	0	0	0	0.336279	0	0	0	0	0	0	-0.115665	0
-0.568618	0	0	0	0	0	0.61196	0	0	0	0	-0.286137	0	0	-3.56601	0	0	0	0	0
0	6.53914	-0.177856	0.189394	0	0	-0.0168521	0	0.467351	0	0.0255788	0	0	-0.0106368	0.243546	0	-0.00184988	0	0	0
0	0	0	-0.745626	0	0	0	0	0	0	0	0	0.872081	0	0	0	0	0	0	0
0	0	0	0	-1.61544	0	0	0	0	0	0	0	1.1497	0	0	0	0	0	0	0
0	0	-0.266949	0	0	0	0	0	0	0	0	0	0	0	0	-1.83365	0	0	0	1.58687
0	2.43399	0	0	0	0	0	0	0	0	0	0	0	0	0	0	0	0	0	0
0	0	3.26907	0	0	0	0.207606	0	0	0	0	0	0	0	-2.12705	0	0	0	0	0
0	0	0	0	0.904859	0	0	0	0	0	0.557035	1.27938	0	0	0	0	0	0	0	-2.0633
0	0	0	0	0	0	0.290368	0	0	0	-2.21014	0	0	0	-0.00472624	0	0	0	0	0
0.154063	0	0	0	0	0	0	0	0	-1.05207	0	0	-2.1288	0	0	0	0	0	0	0
0	0	0	-0.831985	0	0	0	0	0	0	0	0	0	0.591072	0	0	0	0	0	0
0.0684392	-0.059509	0	0.00929148	0	-0.0951963	-0.537118	0	0.00749302	0	2.36304	0	0	-0.102373	0.288468	-0.173625	-2.85444	0.032015	0	0.0188885
0	0	0	0	0	0.475729	0	-0.022009	0	0	0	0.574704	0	0	0	0	0	0	0	0
0	0	0.11753	0	2.36186	0	0	0	0	0	0	0	0	0.0708326	0	0	0.455518	0	0	0
0	0	0	0	0	0	0.290946	0	0	0	-0.131029	0	0.484603	0	0	0.134448	0	0	0	0
-0.0932882	-0.0157027	0	0.0611704	0	-0.231161	0.0137652	0.268496	0.766038	-0.011513	0	-0.201498	0	6.14073	-0.0146109	0	0.442511	1.42935	0.111211	0
0	0	0	0	0	0	0	0	0	0	3.75309	5.36235	0	0	0	0	0	0	0	-0.604629
0	0	0	-2.12805	0	0	0	-2.08126	0	0	0	0	0	0	0	0	0	0	-0.0585219	0
0	-3.80124	0	0	0	0	0	0	0	0	0	0	0	0	0	0	0	0	0	0
0	-0.983512	0	0	0	0	0	0	0	0	0	0	0	0	0	0	0	0	0	0.555894
0	0	0	-0.820828	0	0	0	0	0	0	0	-0.786919	0	2.88345	0	0	0	0	0	0
0	0	0	0	0	0	0	0	0	4.28976	0	0	4.39418	0	0	0	0	0	1.42801	0
0	0	0	0	0	-0.667402	0	0.654825	0	0	0	0	0	0	0	0	0	0	0	0
0	0	0	0	0	0	0	0	0	0.49145	0	0	0	0	0	1.7372	0	-0.0245149	0	0
0	0	-0.0172184	0	2.45424	0	0	0	0	0	0.376031	0	0	-0.281113	0	0	0	0	0	0
0	0	-1.02434	0.783006	0	0	0	0	0	0	0.216575	0	0	0	0	0	0	0	0	0
0	0	0	0	0	0	-0.214892	0	0	0	0	0	0	0	0	0	0	2.58568	0	0
0	0	0	-1.20907	0	0	0	-0.373138	0	0	0	4.98123	0	0	0	0	0	0	0	0
0	0	0	0	0	0	0	0	0	0	1.55056	0	0	0	1.28572	0	-0.29182	0	0	0
-0.849594	0	0	0	0	0	3.72291	0	0	0	0	0	-0.839237	0	0	0	0	0	0	0
0	0	0	0	-1.33698	0	3.25998	0	0	2.8666	0	0	0	0	0	0	0	0	0	0
0	0	0	-2.97936	0	0.957397	0	0	0	0	0	0	0	-1.10484	0	0	0	0	0	0
0	-0.506353	0	0	0	0	0	0	0	0	0	0	0	0	0	0	-4.25748	0	0	0.211779
0	0	0	-0.411407	0	0	0	0	0	0	0	-7.25571	0	0	0	0	0	0	-3.20421	0
0	0	-1.21712	0	-1.07682	0	0	0	2.53149	0	0	0	0	0	0	0	0	0	0	0
3.1644	0	0	0	0	0	0	0	0	0	0	0	0	0	0	0	0	0	0	0
0	0	0	0	0	0	0	-0.868456	-1.16256	0	0	2.4719	0	0	0	0	0	0	0	0
0	0	0	0.00240484	0	0	0	0.00846309	0	0	0	0	0	0	0	0	0	2.96996	0.00273507	0
0	0	0	-1.87116	0	0	0	0	0	0	0	-2.9379	0	0	0	0	0	0	0	0
0	0	0	0	0	0	0	0.972375	0	0	0	-0.828828	0	0	0	0	1.80742	0	0	0
-0.864343	0.797592	0	0	0	0	0	0	0	0.511855	0	0	3.66651	0	0	0	0	0	0	0
0	0	0	0	0	0	0	0	0	0	5.83226	0	0	0	0	0	0	-0.722925	0	0
0	0	0	0	0	2.81657	0	0	0	0	0	0	0.679493	0	0	0	0	0	0	2.41953
0	1.87982	0	0	0	0	0	0	0	0	0	0	0	0	0	0	0	0	0	-1.24856
0	0	-1.97787	0	0	-0.951496	0	0	0.509304	0	0	0	0	0	0	0	0	0	0	0
0	0	0	0	0	0	0	0	0	0	0	0	4.05348	0	1.01779	0	0	0	0	0
-1.48243	0	0	0	0	0	0.426717	0	0	0	0	0	0	0	-1.59442	0	1.97498	0	0	0
0	0	0	0	0	0	0	0	0	0	0.663043	0	0	0	0	0	-0.510552	0	0	0
0	3.27031	0	0	0	0	0	0	0	4.77739	0	0	0	0	0	0	0	0	0	0
0	0	0	0	0	0	0	0	0	0	0	0	-0.556648	0.2055	0	0	0	0	0	0
0	0	0	0	4.8086	0	-6.14558	0	0	0	0	0	0	0	0	0	0	0	0	0
0	0	0	0	0	0	0	0	0	0	0	-2.73904	0	0	0	0	0	0	4.28982	0
0	0	0	0	0	0	0	0	0	0	0.603108	0	-0.137723	0	0	0	0	0	0	0
0	0	0	0	0	0	0	0	0	0	1.01144	0	0	-0.371122	1.43303	0	0	0	0	0
0	0	0	0	0	0	0.215704	0	0	0	0	0	0	0	-0.352193	0.259583	0	0	0	0
0	0	3.87971	0	0	0	0	0	0	0	-0.789436	0	0	0	0	0	0	0	0	0
0	-0.228017	0	0	0	0	0	0	0	-1.57628	0	-4.19187	0	0	0	0	0	0	0	0
0	0	0	0	0	0.0552609	0.0605573	0	0	0	0	-3.37687	0.0426496	0	-0.0387689	0.04447	0	-0.038599	0	2.53045
0	0	0	0	0	0.205602	0	-0.186738	0	0	0	0	0	-0.867447	0	0	0	0	0	0.676968
0	0	0	0	1.83171	0	0	0	-0.00712432	-3.46584	0	0	0	0	0	0	0	0	0	0
0	0	0	0	0	0	0	0	0	0	0	0	-1.89072	0	0.955919	0	0	0	0	0
